Build started 9/16/2015 11:19:18 PM.
     1>Project "E:\THIEN TAM\Information Technology\Giao trình học C\Cấu trúc dữ liệu - giải thuật\Đề tài cấu trúc dữ liệu và giải thuật_Thư Viện\De tai 3\De tai 3.vcxproj" on node 2 (build target(s)).
     1>InitializeBuildStatus:
         Creating "Debug\De tai 3.unsuccessfulbuild" because "AlwaysCreate" was specified.
       ClCompile:
         C:\Program Files (x86)\Microsoft Visual Studio 10.0\VC\bin\CL.exe /c /ZI /nologo /W3 /WX- /Od /Oy- /D _MBCS /Gm /EHsc /RTC1 /MDd /GS /fp:precise /Zc:wchar_t /Zc:forScope /Fo"Debug\\" /Fd"Debug\vc100.pdb" /Gd /TP /analyze- /errorReport:prompt console.cpp DanhSachPhieuMuonTra.cpp DanhSachThongTinDocGia.cpp DanhSachThongTinSach.cpp Date.cpp HoTro.cpp main.cpp ThongTinDocGia.cpp ThongTinPhieuMuonTra.cpp ThongTinSach.cpp XuLi.cpp
         XuLi.cpp
     1>e:\thien tam\information technology\giao trình học c\cấu trúc dữ liệu - giải thuật\đề tài cấu trúc dữ liệu và giải thuật_thư viện\de tai 3\danhsachthongtinsach.h(3): warning C4103: 'e:\thien tam\information technology\giao trình học c\cấu trúc dữ liệu - giải thuật\đề tài cấu trúc dữ liệu và giải thuật_thư viện\de tai 3\danhsachthongtinsach.h' : alignment changed after including header, may be due to missing #pragma pack(pop)
     1>e:\thien tam\information technology\giao trình học c\cấu trúc dữ liệu - giải thuật\đề tài cấu trúc dữ liệu và giải thuật_thư viện\de tai 3\xuli.h(1): warning C4103: 'e:\thien tam\information technology\giao trình học c\cấu trúc dữ liệu - giải thuật\đề tài cấu trúc dữ liệu và giải thuật_thư viện\de tai 3\xuli.h' : alignment changed after including header, may be due to missing #pragma pack(pop)
     1>e:\thien tam\information technology\giao trình học c\cấu trúc dữ liệu - giải thuật\đề tài cấu trúc dữ liệu và giải thuật_thư viện\de tai 3\xuli.cpp(1): warning C4103: 'e:\thien tam\information technology\giao trình học c\cấu trúc dữ liệu - giải thuật\đề tài cấu trúc dữ liệu và giải thuật_thư viện\de tai 3\xuli.cpp' : alignment changed after including header, may be due to missing #pragma pack(pop)
     1>e:\thien tam\information technology\giao trình học c\cấu trúc dữ liệu - giải thuật\đề tài cấu trúc dữ liệu và giải thuật_thư viện\de tai 3\xuli.cpp(151): warning C4996: 'getch': The POSIX name for this item is deprecated. Instead, use the ISO C++ conformant name: _getch. See online help for details.
                 c:\program files (x86)\microsoft visual studio 10.0\vc\include\conio.h(128) : see declaration of 'getch'
     1>e:\thien tam\information technology\giao trình học c\cấu trúc dữ liệu - giải thuật\đề tài cấu trúc dữ liệu và giải thuật_thư viện\de tai 3\xuli.cpp(161): warning C4996: 'getch': The POSIX name for this item is deprecated. Instead, use the ISO C++ conformant name: _getch. See online help for details.
                 c:\program files (x86)\microsoft visual studio 10.0\vc\include\conio.h(128) : see declaration of 'getch'
     1>e:\thien tam\information technology\giao trình học c\cấu trúc dữ liệu - giải thuật\đề tài cấu trúc dữ liệu và giải thuật_thư viện\de tai 3\xuli.cpp(172): warning C4996: 'getch': The POSIX name for this item is deprecated. Instead, use the ISO C++ conformant name: _getch. See online help for details.
                 c:\program files (x86)\microsoft visual studio 10.0\vc\include\conio.h(128) : see declaration of 'getch'
     1>e:\thien tam\information technology\giao trình học c\cấu trúc dữ liệu - giải thuật\đề tài cấu trúc dữ liệu và giải thuật_thư viện\de tai 3\xuli.cpp(216): warning C4996: 'getch': The POSIX name for this item is deprecated. Instead, use the ISO C++ conformant name: _getch. See online help for details.
                 c:\program files (x86)\microsoft visual studio 10.0\vc\include\conio.h(128) : see declaration of 'getch'
     1>e:\thien tam\information technology\giao trình học c\cấu trúc dữ liệu - giải thuật\đề tài cấu trúc dữ liệu và giải thuật_thư viện\de tai 3\xuli.cpp(234): warning C4996: 'getch': The POSIX name for this item is deprecated. Instead, use the ISO C++ conformant name: _getch. See online help for details.
                 c:\program files (x86)\microsoft visual studio 10.0\vc\include\conio.h(128) : see declaration of 'getch'
     1>e:\thien tam\information technology\giao trình học c\cấu trúc dữ liệu - giải thuật\đề tài cấu trúc dữ liệu và giải thuật_thư viện\de tai 3\xuli.cpp(245): warning C4996: 'getch': The POSIX name for this item is deprecated. Instead, use the ISO C++ conformant name: _getch. See online help for details.
                 c:\program files (x86)\microsoft visual studio 10.0\vc\include\conio.h(128) : see declaration of 'getch'
     1>e:\thien tam\information technology\giao trình học c\cấu trúc dữ liệu - giải thuật\đề tài cấu trúc dữ liệu và giải thuật_thư viện\de tai 3\xuli.cpp(290): warning C4996: 'getch': The POSIX name for this item is deprecated. Instead, use the ISO C++ conformant name: _getch. See online help for details.
                 c:\program files (x86)\microsoft visual studio 10.0\vc\include\conio.h(128) : see declaration of 'getch'
     1>e:\thien tam\information technology\giao trình học c\cấu trúc dữ liệu - giải thuật\đề tài cấu trúc dữ liệu và giải thuật_thư viện\de tai 3\xuli.cpp(46): warning C4101: 'KT_sach' : unreferenced local variable
     1>e:\thien tam\information technology\giao trình học c\cấu trúc dữ liệu - giải thuật\đề tài cấu trúc dữ liệu và giải thuật_thư viện\de tai 3\xuli.cpp(44): warning C4101: 'c' : unreferenced local variable
     1>e:\thien tam\information technology\giao trình học c\cấu trúc dữ liệu - giải thuật\đề tài cấu trúc dữ liệu và giải thuật_thư viện\de tai 3\xuli.cpp(45): warning C4101: 'KT_ma' : unreferenced local variable
     1>e:\thien tam\information technology\giao trình học c\cấu trúc dữ liệu - giải thuật\đề tài cấu trúc dữ liệu và giải thuật_thư viện\de tai 3\xuli.cpp(464): warning C4996: 'getch': The POSIX name for this item is deprecated. Instead, use the ISO C++ conformant name: _getch. See online help for details.
                 c:\program files (x86)\microsoft visual studio 10.0\vc\include\conio.h(128) : see declaration of 'getch'
     1>e:\thien tam\information technology\giao trình học c\cấu trúc dữ liệu - giải thuật\đề tài cấu trúc dữ liệu và giải thuật_thư viện\de tai 3\xuli.cpp(523): warning C4996: 'getch': The POSIX name for this item is deprecated. Instead, use the ISO C++ conformant name: _getch. See online help for details.
                 c:\program files (x86)\microsoft visual studio 10.0\vc\include\conio.h(128) : see declaration of 'getch'
     1>e:\thien tam\information technology\giao trình học c\cấu trúc dữ liệu - giải thuật\đề tài cấu trúc dữ liệu và giải thuật_thư viện\de tai 3\xuli.cpp(535): warning C4996: 'getch': The POSIX name for this item is deprecated. Instead, use the ISO C++ conformant name: _getch. See online help for details.
                 c:\program files (x86)\microsoft visual studio 10.0\vc\include\conio.h(128) : see declaration of 'getch'
     1>e:\thien tam\information technology\giao trình học c\cấu trúc dữ liệu - giải thuật\đề tài cấu trúc dữ liệu và giải thuật_thư viện\de tai 3\xuli.cpp(545): warning C4996: 'getch': The POSIX name for this item is deprecated. Instead, use the ISO C++ conformant name: _getch. See online help for details.
                 c:\program files (x86)\microsoft visual studio 10.0\vc\include\conio.h(128) : see declaration of 'getch'
     1>e:\thien tam\information technology\giao trình học c\cấu trúc dữ liệu - giải thuật\đề tài cấu trúc dữ liệu và giải thuật_thư viện\de tai 3\xuli.cpp(556): warning C4996: 'getch': The POSIX name for this item is deprecated. Instead, use the ISO C++ conformant name: _getch. See online help for details.
                 c:\program files (x86)\microsoft visual studio 10.0\vc\include\conio.h(128) : see declaration of 'getch'
     1>e:\thien tam\information technology\giao trình học c\cấu trúc dữ liệu - giải thuật\đề tài cấu trúc dữ liệu và giải thuật_thư viện\de tai 3\xuli.cpp(616): warning C4996: 'getch': The POSIX name for this item is deprecated. Instead, use the ISO C++ conformant name: _getch. See online help for details.
                 c:\program files (x86)\microsoft visual studio 10.0\vc\include\conio.h(128) : see declaration of 'getch'
     1>e:\thien tam\information technology\giao trình học c\cấu trúc dữ liệu - giải thuật\đề tài cấu trúc dữ liệu và giải thuật_thư viện\de tai 3\xuli.cpp(626): warning C4996: 'getch': The POSIX name for this item is deprecated. Instead, use the ISO C++ conformant name: _getch. See online help for details.
                 c:\program files (x86)\microsoft visual studio 10.0\vc\include\conio.h(128) : see declaration of 'getch'
     1>e:\thien tam\information technology\giao trình học c\cấu trúc dữ liệu - giải thuật\đề tài cấu trúc dữ liệu và giải thuật_thư viện\de tai 3\xuli.cpp(636): warning C4996: 'getch': The POSIX name for this item is deprecated. Instead, use the ISO C++ conformant name: _getch. See online help for details.
                 c:\program files (x86)\microsoft visual studio 10.0\vc\include\conio.h(128) : see declaration of 'getch'
     1>e:\thien tam\information technology\giao trình học c\cấu trúc dữ liệu - giải thuật\đề tài cấu trúc dữ liệu và giải thuật_thư viện\de tai 3\xuli.cpp(647): warning C4996: 'getch': The POSIX name for this item is deprecated. Instead, use the ISO C++ conformant name: _getch. See online help for details.
                 c:\program files (x86)\microsoft visual studio 10.0\vc\include\conio.h(128) : see declaration of 'getch'
     1>e:\thien tam\information technology\giao trình học c\cấu trúc dữ liệu - giải thuật\đề tài cấu trúc dữ liệu và giải thuật_thư viện\de tai 3\xuli.cpp(657): warning C4996: 'getch': The POSIX name for this item is deprecated. Instead, use the ISO C++ conformant name: _getch. See online help for details.
                 c:\program files (x86)\microsoft visual studio 10.0\vc\include\conio.h(128) : see declaration of 'getch'
     1>e:\thien tam\information technology\giao trình học c\cấu trúc dữ liệu - giải thuật\đề tài cấu trúc dữ liệu và giải thuật_thư viện\de tai 3\xuli.cpp(677): warning C4996: 'getch': The POSIX name for this item is deprecated. Instead, use the ISO C++ conformant name: _getch. See online help for details.
                 c:\program files (x86)\microsoft visual studio 10.0\vc\include\conio.h(128) : see declaration of 'getch'
     1>e:\thien tam\information technology\giao trình học c\cấu trúc dữ liệu - giải thuật\đề tài cấu trúc dữ liệu và giải thuật_thư viện\de tai 3\xuli.cpp(705): warning C4996: 'getch': The POSIX name for this item is deprecated. Instead, use the ISO C++ conformant name: _getch. See online help for details.
                 c:\program files (x86)\microsoft visual studio 10.0\vc\include\conio.h(128) : see declaration of 'getch'
     1>e:\thien tam\information technology\giao trình học c\cấu trúc dữ liệu - giải thuật\đề tài cấu trúc dữ liệu và giải thuật_thư viện\de tai 3\xuli.cpp(718): warning C4996: 'getch': The POSIX name for this item is deprecated. Instead, use the ISO C++ conformant name: _getch. See online help for details.
                 c:\program files (x86)\microsoft visual studio 10.0\vc\include\conio.h(128) : see declaration of 'getch'
     1>e:\thien tam\information technology\giao trình học c\cấu trúc dữ liệu - giải thuật\đề tài cấu trúc dữ liệu và giải thuật_thư viện\de tai 3\xuli.cpp(350): warning C4101: 'KT_sach' : unreferenced local variable
     1>e:\thien tam\information technology\giao trình học c\cấu trúc dữ liệu - giải thuật\đề tài cấu trúc dữ liệu và giải thuật_thư viện\de tai 3\xuli.cpp(348): warning C4101: 'c' : unreferenced local variable
     1>e:\thien tam\information technology\giao trình học c\cấu trúc dữ liệu - giải thuật\đề tài cấu trúc dữ liệu và giải thuật_thư viện\de tai 3\xuli.cpp(349): warning C4101: 'KT_ma' : unreferenced local variable
     1>e:\thien tam\information technology\giao trình học c\cấu trúc dữ liệu - giải thuật\đề tài cấu trúc dữ liệu và giải thuật_thư viện\de tai 3\xuli.cpp(1018): warning C4996: 'getch': The POSIX name for this item is deprecated. Instead, use the ISO C++ conformant name: _getch. See online help for details.
                 c:\program files (x86)\microsoft visual studio 10.0\vc\include\conio.h(128) : see declaration of 'getch'
     1>e:\thien tam\information technology\giao trình học c\cấu trúc dữ liệu - giải thuật\đề tài cấu trúc dữ liệu và giải thuật_thư viện\de tai 3\xuli.cpp(1023): warning C4996: 'getch': The POSIX name for this item is deprecated. Instead, use the ISO C++ conformant name: _getch. See online help for details.
                 c:\program files (x86)\microsoft visual studio 10.0\vc\include\conio.h(128) : see declaration of 'getch'
     1>e:\thien tam\information technology\giao trình học c\cấu trúc dữ liệu - giải thuật\đề tài cấu trúc dữ liệu và giải thuật_thư viện\de tai 3\xuli.cpp(1048): warning C4996: 'getch': The POSIX name for this item is deprecated. Instead, use the ISO C++ conformant name: _getch. See online help for details.
                 c:\program files (x86)\microsoft visual studio 10.0\vc\include\conio.h(128) : see declaration of 'getch'
     1>e:\thien tam\information technology\giao trình học c\cấu trúc dữ liệu - giải thuật\đề tài cấu trúc dữ liệu và giải thuật_thư viện\de tai 3\xuli.cpp(1082): warning C4996: 'getch': The POSIX name for this item is deprecated. Instead, use the ISO C++ conformant name: _getch. See online help for details.
                 c:\program files (x86)\microsoft visual studio 10.0\vc\include\conio.h(128) : see declaration of 'getch'
     1>e:\thien tam\information technology\giao trình học c\cấu trúc dữ liệu - giải thuật\đề tài cấu trúc dữ liệu và giải thuật_thư viện\de tai 3\xuli.cpp(1087): warning C4996: 'getch': The POSIX name for this item is deprecated. Instead, use the ISO C++ conformant name: _getch. See online help for details.
                 c:\program files (x86)\microsoft visual studio 10.0\vc\include\conio.h(128) : see declaration of 'getch'
     1>e:\thien tam\information technology\giao trình học c\cấu trúc dữ liệu - giải thuật\đề tài cấu trúc dữ liệu và giải thuật_thư viện\de tai 3\xuli.cpp(1112): warning C4996: 'getch': The POSIX name for this item is deprecated. Instead, use the ISO C++ conformant name: _getch. See online help for details.
                 c:\program files (x86)\microsoft visual studio 10.0\vc\include\conio.h(128) : see declaration of 'getch'
     1>e:\thien tam\information technology\giao trình học c\cấu trúc dữ liệu - giải thuật\đề tài cấu trúc dữ liệu và giải thuật_thư viện\de tai 3\xuli.cpp(1139): warning C4996: 'getch': The POSIX name for this item is deprecated. Instead, use the ISO C++ conformant name: _getch. See online help for details.
                 c:\program files (x86)\microsoft visual studio 10.0\vc\include\conio.h(128) : see declaration of 'getch'
     1>e:\thien tam\information technology\giao trình học c\cấu trúc dữ liệu - giải thuật\đề tài cấu trúc dữ liệu và giải thuật_thư viện\de tai 3\xuli.cpp(1156): warning C4018: '<' : signed/unsigned mismatch
     1>e:\thien tam\information technology\giao trình học c\cấu trúc dữ liệu - giải thuật\đề tài cấu trúc dữ liệu và giải thuật_thư viện\de tai 3\xuli.cpp(1191): warning C4996: 'getch': The POSIX name for this item is deprecated. Instead, use the ISO C++ conformant name: _getch. See online help for details.
                 c:\program files (x86)\microsoft visual studio 10.0\vc\include\conio.h(128) : see declaration of 'getch'
     1>e:\thien tam\information technology\giao trình học c\cấu trúc dữ liệu - giải thuật\đề tài cấu trúc dữ liệu và giải thuật_thư viện\de tai 3\xuli.cpp(1433): warning C4101: 'c' : unreferenced local variable
     1>e:\thien tam\information technology\giao trình học c\cấu trúc dữ liệu - giải thuật\đề tài cấu trúc dữ liệu và giải thuật_thư viện\de tai 3\xuli.cpp(1708): warning C4996: 'getch': The POSIX name for this item is deprecated. Instead, use the ISO C++ conformant name: _getch. See online help for details.
                 c:\program files (x86)\microsoft visual studio 10.0\vc\include\conio.h(128) : see declaration of 'getch'
     1>e:\thien tam\information technology\giao trình học c\cấu trúc dữ liệu - giải thuật\đề tài cấu trúc dữ liệu và giải thuật_thư viện\de tai 3\xuli.cpp(1897): warning C4996: 'stricmp': The POSIX name for this item is deprecated. Instead, use the ISO C++ conformant name: _stricmp. See online help for details.
                 c:\program files (x86)\microsoft visual studio 10.0\vc\include\string.h(246) : see declaration of 'stricmp'
     1>e:\thien tam\information technology\giao trình học c\cấu trúc dữ liệu - giải thuật\đề tài cấu trúc dữ liệu và giải thuật_thư viện\de tai 3\xuli.cpp(1914): warning C4996: 'stricmp': The POSIX name for this item is deprecated. Instead, use the ISO C++ conformant name: _stricmp. See online help for details.
                 c:\program files (x86)\microsoft visual studio 10.0\vc\include\string.h(246) : see declaration of 'stricmp'
     1>e:\thien tam\information technology\giao trình học c\cấu trúc dữ liệu - giải thuật\đề tài cấu trúc dữ liệu và giải thuật_thư viện\de tai 3\xuli.cpp(1928): warning C4996: 'stricmp': The POSIX name for this item is deprecated. Instead, use the ISO C++ conformant name: _stricmp. See online help for details.
                 c:\program files (x86)\microsoft visual studio 10.0\vc\include\string.h(246) : see declaration of 'stricmp'
     1>e:\thien tam\information technology\giao trình học c\cấu trúc dữ liệu - giải thuật\đề tài cấu trúc dữ liệu và giải thuật_thư viện\de tai 3\xuli.cpp(1951): warning C4996: 'stricmp': The POSIX name for this item is deprecated. Instead, use the ISO C++ conformant name: _stricmp. See online help for details.
                 c:\program files (x86)\microsoft visual studio 10.0\vc\include\string.h(246) : see declaration of 'stricmp'
     1>e:\thien tam\information technology\giao trình học c\cấu trúc dữ liệu - giải thuật\đề tài cấu trúc dữ liệu và giải thuật_thư viện\de tai 3\xuli.cpp(1956): warning C4996: 'stricmp': The POSIX name for this item is deprecated. Instead, use the ISO C++ conformant name: _stricmp. See online help for details.
                 c:\program files (x86)\microsoft visual studio 10.0\vc\include\string.h(246) : see declaration of 'stricmp'
     1>e:\thien tam\information technology\giao trình học c\cấu trúc dữ liệu - giải thuật\đề tài cấu trúc dữ liệu và giải thuật_thư viện\de tai 3\xuli.cpp(1974): warning C4996: 'stricmp': The POSIX name for this item is deprecated. Instead, use the ISO C++ conformant name: _stricmp. See online help for details.
                 c:\program files (x86)\microsoft visual studio 10.0\vc\include\string.h(246) : see declaration of 'stricmp'
     1>e:\thien tam\information technology\giao trình học c\cấu trúc dữ liệu - giải thuật\đề tài cấu trúc dữ liệu và giải thuật_thư viện\de tai 3\xuli.cpp(2099): warning C4996: 'stricmp': The POSIX name for this item is deprecated. Instead, use the ISO C++ conformant name: _stricmp. See online help for details.
                 c:\program files (x86)\microsoft visual studio 10.0\vc\include\string.h(246) : see declaration of 'stricmp'
     1>e:\thien tam\information technology\giao trình học c\cấu trúc dữ liệu - giải thuật\đề tài cấu trúc dữ liệu và giải thuật_thư viện\de tai 3\xuli.cpp(2209): warning C4996: 'stricmp': The POSIX name for this item is deprecated. Instead, use the ISO C++ conformant name: _stricmp. See online help for details.
                 c:\program files (x86)\microsoft visual studio 10.0\vc\include\string.h(246) : see declaration of 'stricmp'
     1>e:\thien tam\information technology\giao trình học c\cấu trúc dữ liệu - giải thuật\đề tài cấu trúc dữ liệu và giải thuật_thư viện\de tai 3\xuli.cpp(2424): warning C4996: 'stricmp': The POSIX name for this item is deprecated. Instead, use the ISO C++ conformant name: _stricmp. See online help for details.
                 c:\program files (x86)\microsoft visual studio 10.0\vc\include\string.h(246) : see declaration of 'stricmp'
     1>e:\thien tam\information technology\giao trình học c\cấu trúc dữ liệu - giải thuật\đề tài cấu trúc dữ liệu và giải thuật_thư viện\de tai 3\xuli.cpp(2544): warning C4996: 'getch': The POSIX name for this item is deprecated. Instead, use the ISO C++ conformant name: _getch. See online help for details.
                 c:\program files (x86)\microsoft visual studio 10.0\vc\include\conio.h(128) : see declaration of 'getch'
     1>e:\thien tam\information technology\giao trình học c\cấu trúc dữ liệu - giải thuật\đề tài cấu trúc dữ liệu và giải thuật_thư viện\de tai 3\xuli.cpp(2562): warning C4018: '<' : signed/unsigned mismatch
     1>e:\thien tam\information technology\giao trình học c\cấu trúc dữ liệu - giải thuật\đề tài cấu trúc dữ liệu và giải thuật_thư viện\de tai 3\xuli.cpp(2575): warning C4996: 'getch': The POSIX name for this item is deprecated. Instead, use the ISO C++ conformant name: _getch. See online help for details.
                 c:\program files (x86)\microsoft visual studio 10.0\vc\include\conio.h(128) : see declaration of 'getch'
     1>e:\thien tam\information technology\giao trình học c\cấu trúc dữ liệu - giải thuật\đề tài cấu trúc dữ liệu và giải thuật_thư viện\de tai 3\xuli.cpp(2639): warning C4996: 'getch': The POSIX name for this item is deprecated. Instead, use the ISO C++ conformant name: _getch. See online help for details.
                 c:\program files (x86)\microsoft visual studio 10.0\vc\include\conio.h(128) : see declaration of 'getch'
     1>e:\thien tam\information technology\giao trình học c\cấu trúc dữ liệu - giải thuật\đề tài cấu trúc dữ liệu và giải thuật_thư viện\de tai 3\xuli.cpp(2651): warning C4996: 'getch': The POSIX name for this item is deprecated. Instead, use the ISO C++ conformant name: _getch. See online help for details.
                 c:\program files (x86)\microsoft visual studio 10.0\vc\include\conio.h(128) : see declaration of 'getch'
     1>e:\thien tam\information technology\giao trình học c\cấu trúc dữ liệu - giải thuật\đề tài cấu trúc dữ liệu và giải thuật_thư viện\de tai 3\xuli.cpp(2770): warning C4996: 'getch': The POSIX name for this item is deprecated. Instead, use the ISO C++ conformant name: _getch. See online help for details.
                 c:\program files (x86)\microsoft visual studio 10.0\vc\include\conio.h(128) : see declaration of 'getch'
     1>e:\thien tam\information technology\giao trình học c\cấu trúc dữ liệu - giải thuật\đề tài cấu trúc dữ liệu và giải thuật_thư viện\de tai 3\xuli.cpp(2788): warning C4018: '<' : signed/unsigned mismatch
     1>e:\thien tam\information technology\giao trình học c\cấu trúc dữ liệu - giải thuật\đề tài cấu trúc dữ liệu và giải thuật_thư viện\de tai 3\xuli.cpp(2801): warning C4996: 'getch': The POSIX name for this item is deprecated. Instead, use the ISO C++ conformant name: _getch. See online help for details.
                 c:\program files (x86)\microsoft visual studio 10.0\vc\include\conio.h(128) : see declaration of 'getch'
     1>e:\thien tam\information technology\giao trình học c\cấu trúc dữ liệu - giải thuật\đề tài cấu trúc dữ liệu và giải thuật_thư viện\de tai 3\xuli.cpp(2829): warning C4996: 'getch': The POSIX name for this item is deprecated. Instead, use the ISO C++ conformant name: _getch. See online help for details.
                 c:\program files (x86)\microsoft visual studio 10.0\vc\include\conio.h(128) : see declaration of 'getch'
     1>e:\thien tam\information technology\giao trình học c\cấu trúc dữ liệu - giải thuật\đề tài cấu trúc dữ liệu và giải thuật_thư viện\de tai 3\xuli.cpp(2842): warning C4996: 'getch': The POSIX name for this item is deprecated. Instead, use the ISO C++ conformant name: _getch. See online help for details.
                 c:\program files (x86)\microsoft visual studio 10.0\vc\include\conio.h(128) : see declaration of 'getch'
     1>e:\thien tam\information technology\giao trình học c\cấu trúc dữ liệu - giải thuật\đề tài cấu trúc dữ liệu và giải thuật_thư viện\de tai 3\xuli.cpp(2862): warning C4996: 'itoa': The POSIX name for this item is deprecated. Instead, use the ISO C++ conformant name: _itoa. See online help for details.
                 c:\program files (x86)\microsoft visual studio 10.0\vc\include\stdlib.h(867) : see declaration of 'itoa'
     1>e:\thien tam\information technology\giao trình học c\cấu trúc dữ liệu - giải thuật\đề tài cấu trúc dữ liệu và giải thuật_thư viện\de tai 3\xuli.cpp(2885): warning C4996: 'itoa': The POSIX name for this item is deprecated. Instead, use the ISO C++ conformant name: _itoa. See online help for details.
                 c:\program files (x86)\microsoft visual studio 10.0\vc\include\stdlib.h(867) : see declaration of 'itoa'
     1>e:\thien tam\information technology\giao trình học c\cấu trúc dữ liệu - giải thuật\đề tài cấu trúc dữ liệu và giải thuật_thư viện\de tai 3\xuli.cpp(2899): warning C4996: 'itoa': The POSIX name for this item is deprecated. Instead, use the ISO C++ conformant name: _itoa. See online help for details.
                 c:\program files (x86)\microsoft visual studio 10.0\vc\include\stdlib.h(867) : see declaration of 'itoa'
     1>e:\thien tam\information technology\giao trình học c\cấu trúc dữ liệu - giải thuật\đề tài cấu trúc dữ liệu và giải thuật_thư viện\de tai 3\xuli.cpp(2905): warning C4996: 'itoa': The POSIX name for this item is deprecated. Instead, use the ISO C++ conformant name: _itoa. See online help for details.
                 c:\program files (x86)\microsoft visual studio 10.0\vc\include\stdlib.h(867) : see declaration of 'itoa'
     1>e:\thien tam\information technology\giao trình học c\cấu trúc dữ liệu - giải thuật\đề tài cấu trúc dữ liệu và giải thuật_thư viện\de tai 3\xuli.cpp(3099): warning C4996: 'getch': The POSIX name for this item is deprecated. Instead, use the ISO C++ conformant name: _getch. See online help for details.
                 c:\program files (x86)\microsoft visual studio 10.0\vc\include\conio.h(128) : see declaration of 'getch'
     1>e:\thien tam\information technology\giao trình học c\cấu trúc dữ liệu - giải thuật\đề tài cấu trúc dữ liệu và giải thuật_thư viện\de tai 3\xuli.cpp(3175): warning C4996: 'getch': The POSIX name for this item is deprecated. Instead, use the ISO C++ conformant name: _getch. See online help for details.
                 c:\program files (x86)\microsoft visual studio 10.0\vc\include\conio.h(128) : see declaration of 'getch'
     1>e:\thien tam\information technology\giao trình học c\cấu trúc dữ liệu - giải thuật\đề tài cấu trúc dữ liệu và giải thuật_thư viện\de tai 3\xuli.cpp(2938): warning C4101: 'KT' : unreferenced local variable
     1>e:\thien tam\information technology\giao trình học c\cấu trúc dữ liệu - giải thuật\đề tài cấu trúc dữ liệu và giải thuật_thư viện\de tai 3\xuli.cpp(3336): warning C4996: 'getch': The POSIX name for this item is deprecated. Instead, use the ISO C++ conformant name: _getch. See online help for details.
                 c:\program files (x86)\microsoft visual studio 10.0\vc\include\conio.h(128) : see declaration of 'getch'
     1>e:\thien tam\information technology\giao trình học c\cấu trúc dữ liệu - giải thuật\đề tài cấu trúc dữ liệu và giải thuật_thư viện\de tai 3\xuli.cpp(3365): warning C4996: 'getch': The POSIX name for this item is deprecated. Instead, use the ISO C++ conformant name: _getch. See online help for details.
                 c:\program files (x86)\microsoft visual studio 10.0\vc\include\conio.h(128) : see declaration of 'getch'
     1>e:\thien tam\information technology\giao trình học c\cấu trúc dữ liệu - giải thuật\đề tài cấu trúc dữ liệu và giải thuật_thư viện\de tai 3\xuli.cpp(3384): warning C4996: 'stricmp': The POSIX name for this item is deprecated. Instead, use the ISO C++ conformant name: _stricmp. See online help for details.
                 c:\program files (x86)\microsoft visual studio 10.0\vc\include\string.h(246) : see declaration of 'stricmp'
     1>e:\thien tam\information technology\giao trình học c\cấu trúc dữ liệu - giải thuật\đề tài cấu trúc dữ liệu và giải thuật_thư viện\de tai 3\xuli.cpp(3403): warning C4996: 'stricmp': The POSIX name for this item is deprecated. Instead, use the ISO C++ conformant name: _stricmp. See online help for details.
                 c:\program files (x86)\microsoft visual studio 10.0\vc\include\string.h(246) : see declaration of 'stricmp'
     1>e:\thien tam\information technology\giao trình học c\cấu trúc dữ liệu - giải thuật\đề tài cấu trúc dữ liệu và giải thuật_thư viện\de tai 3\xuli.cpp(3442): warning C4996: 'getch': The POSIX name for this item is deprecated. Instead, use the ISO C++ conformant name: _getch. See online help for details.
                 c:\program files (x86)\microsoft visual studio 10.0\vc\include\conio.h(128) : see declaration of 'getch'
     1>e:\thien tam\information technology\giao trình học c\cấu trúc dữ liệu - giải thuật\đề tài cấu trúc dữ liệu và giải thuật_thư viện\de tai 3\xuli.cpp(3452): warning C4996: 'getch': The POSIX name for this item is deprecated. Instead, use the ISO C++ conformant name: _getch. See online help for details.
                 c:\program files (x86)\microsoft visual studio 10.0\vc\include\conio.h(128) : see declaration of 'getch'
     1>e:\thien tam\information technology\giao trình học c\cấu trúc dữ liệu - giải thuật\đề tài cấu trúc dữ liệu và giải thuật_thư viện\de tai 3\xuli.cpp(3464): warning C4996: 'getch': The POSIX name for this item is deprecated. Instead, use the ISO C++ conformant name: _getch. See online help for details.
                 c:\program files (x86)\microsoft visual studio 10.0\vc\include\conio.h(128) : see declaration of 'getch'
     1>e:\thien tam\information technology\giao trình học c\cấu trúc dữ liệu - giải thuật\đề tài cấu trúc dữ liệu và giải thuật_thư viện\de tai 3\xuli.cpp(3471): warning C4018: '<' : signed/unsigned mismatch
     1>e:\thien tam\information technology\giao trình học c\cấu trúc dữ liệu - giải thuật\đề tài cấu trúc dữ liệu và giải thuật_thư viện\de tai 3\xuli.cpp(3482): warning C4996: 'getch': The POSIX name for this item is deprecated. Instead, use the ISO C++ conformant name: _getch. See online help for details.
                 c:\program files (x86)\microsoft visual studio 10.0\vc\include\conio.h(128) : see declaration of 'getch'
     1>e:\thien tam\information technology\giao trình học c\cấu trúc dữ liệu - giải thuật\đề tài cấu trúc dữ liệu và giải thuật_thư viện\de tai 3\xuli.cpp(3571): warning C4996: 'getch': The POSIX name for this item is deprecated. Instead, use the ISO C++ conformant name: _getch. See online help for details.
                 c:\program files (x86)\microsoft visual studio 10.0\vc\include\conio.h(128) : see declaration of 'getch'
     1>e:\thien tam\information technology\giao trình học c\cấu trúc dữ liệu - giải thuật\đề tài cấu trúc dữ liệu và giải thuật_thư viện\de tai 3\xuli.cpp(3600): warning C4996: 'getch': The POSIX name for this item is deprecated. Instead, use the ISO C++ conformant name: _getch. See online help for details.
                 c:\program files (x86)\microsoft visual studio 10.0\vc\include\conio.h(128) : see declaration of 'getch'
     1>e:\thien tam\information technology\giao trình học c\cấu trúc dữ liệu - giải thuật\đề tài cấu trúc dữ liệu và giải thuật_thư viện\de tai 3\xuli.cpp(3619): warning C4996: 'stricmp': The POSIX name for this item is deprecated. Instead, use the ISO C++ conformant name: _stricmp. See online help for details.
                 c:\program files (x86)\microsoft visual studio 10.0\vc\include\string.h(246) : see declaration of 'stricmp'
     1>e:\thien tam\information technology\giao trình học c\cấu trúc dữ liệu - giải thuật\đề tài cấu trúc dữ liệu và giải thuật_thư viện\de tai 3\xuli.cpp(3644): warning C4996: 'getch': The POSIX name for this item is deprecated. Instead, use the ISO C++ conformant name: _getch. See online help for details.
                 c:\program files (x86)\microsoft visual studio 10.0\vc\include\conio.h(128) : see declaration of 'getch'
     1>e:\thien tam\information technology\giao trình học c\cấu trúc dữ liệu - giải thuật\đề tài cấu trúc dữ liệu và giải thuật_thư viện\de tai 3\xuli.cpp(3654): warning C4996: 'getch': The POSIX name for this item is deprecated. Instead, use the ISO C++ conformant name: _getch. See online help for details.
                 c:\program files (x86)\microsoft visual studio 10.0\vc\include\conio.h(128) : see declaration of 'getch'
     1>e:\thien tam\information technology\giao trình học c\cấu trúc dữ liệu - giải thuật\đề tài cấu trúc dữ liệu và giải thuật_thư viện\de tai 3\xuli.cpp(3666): warning C4996: 'getch': The POSIX name for this item is deprecated. Instead, use the ISO C++ conformant name: _getch. See online help for details.
                 c:\program files (x86)\microsoft visual studio 10.0\vc\include\conio.h(128) : see declaration of 'getch'
     1>e:\thien tam\information technology\giao trình học c\cấu trúc dữ liệu - giải thuật\đề tài cấu trúc dữ liệu và giải thuật_thư viện\de tai 3\xuli.cpp(3673): warning C4018: '<' : signed/unsigned mismatch
     1>e:\thien tam\information technology\giao trình học c\cấu trúc dữ liệu - giải thuật\đề tài cấu trúc dữ liệu và giải thuật_thư viện\de tai 3\xuli.cpp(3684): warning C4996: 'getch': The POSIX name for this item is deprecated. Instead, use the ISO C++ conformant name: _getch. See online help for details.
                 c:\program files (x86)\microsoft visual studio 10.0\vc\include\conio.h(128) : see declaration of 'getch'
     1>e:\thien tam\information technology\giao trình học c\cấu trúc dữ liệu - giải thuật\đề tài cấu trúc dữ liệu và giải thuật_thư viện\de tai 3\xuli.cpp(3701): warning C4996: 'itoa': The POSIX name for this item is deprecated. Instead, use the ISO C++ conformant name: _itoa. See online help for details.
                 c:\program files (x86)\microsoft visual studio 10.0\vc\include\stdlib.h(867) : see declaration of 'itoa'
     1>e:\thien tam\information technology\giao trình học c\cấu trúc dữ liệu - giải thuật\đề tài cấu trúc dữ liệu và giải thuật_thư viện\de tai 3\xuli.cpp(3704): warning C4996: 'itoa': The POSIX name for this item is deprecated. Instead, use the ISO C++ conformant name: _itoa. See online help for details.
                 c:\program files (x86)\microsoft visual studio 10.0\vc\include\stdlib.h(867) : see declaration of 'itoa'
     1>e:\thien tam\information technology\giao trình học c\cấu trúc dữ liệu - giải thuật\đề tài cấu trúc dữ liệu và giải thuật_thư viện\de tai 3\xuli.cpp(3557): warning C4101: 'KT' : unreferenced local variable
     1>e:\thien tam\information technology\giao trình học c\cấu trúc dữ liệu - giải thuật\đề tài cấu trúc dữ liệu và giải thuật_thư viện\de tai 3\xuli.cpp(4026): warning C4996: 'stricmp': The POSIX name for this item is deprecated. Instead, use the ISO C++ conformant name: _stricmp. See online help for details.
                 c:\program files (x86)\microsoft visual studio 10.0\vc\include\string.h(246) : see declaration of 'stricmp'
     1>e:\thien tam\information technology\giao trình học c\cấu trúc dữ liệu - giải thuật\đề tài cấu trúc dữ liệu và giải thuật_thư viện\de tai 3\xuli.cpp(4040): warning C4996: 'stricmp': The POSIX name for this item is deprecated. Instead, use the ISO C++ conformant name: _stricmp. See online help for details.
                 c:\program files (x86)\microsoft visual studio 10.0\vc\include\string.h(246) : see declaration of 'stricmp'
     1>e:\thien tam\information technology\giao trình học c\cấu trúc dữ liệu - giải thuật\đề tài cấu trúc dữ liệu và giải thuật_thư viện\de tai 3\xuli.cpp(4064): warning C4101: 'c' : unreferenced local variable
     1>e:\thien tam\information technology\giao trình học c\cấu trúc dữ liệu - giải thuật\đề tài cấu trúc dữ liệu và giải thuật_thư viện\de tai 3\xuli.cpp(4310): warning C4996: 'getch': The POSIX name for this item is deprecated. Instead, use the ISO C++ conformant name: _getch. See online help for details.
                 c:\program files (x86)\microsoft visual studio 10.0\vc\include\conio.h(128) : see declaration of 'getch'
     1>e:\thien tam\information technology\giao trình học c\cấu trúc dữ liệu - giải thuật\đề tài cấu trúc dữ liệu và giải thuật_thư viện\de tai 3\xuli.cpp(4320): warning C4996: 'getch': The POSIX name for this item is deprecated. Instead, use the ISO C++ conformant name: _getch. See online help for details.
                 c:\program files (x86)\microsoft visual studio 10.0\vc\include\conio.h(128) : see declaration of 'getch'
     1>e:\thien tam\information technology\giao trình học c\cấu trúc dữ liệu - giải thuật\đề tài cấu trúc dữ liệu và giải thuật_thư viện\de tai 3\xuli.cpp(4444): warning C4996: 'getch': The POSIX name for this item is deprecated. Instead, use the ISO C++ conformant name: _getch. See online help for details.
                 c:\program files (x86)\microsoft visual studio 10.0\vc\include\conio.h(128) : see declaration of 'getch'
     1>e:\thien tam\information technology\giao trình học c\cấu trúc dữ liệu - giải thuật\đề tài cấu trúc dữ liệu và giải thuật_thư viện\de tai 3\xuli.cpp(4447): warning C4996: 'getch': The POSIX name for this item is deprecated. Instead, use the ISO C++ conformant name: _getch. See online help for details.
                 c:\program files (x86)\microsoft visual studio 10.0\vc\include\conio.h(128) : see declaration of 'getch'
     1>e:\thien tam\information technology\giao trình học c\cấu trúc dữ liệu - giải thuật\đề tài cấu trúc dữ liệu và giải thuật_thư viện\de tai 3\xuli.cpp(4548): warning C4996: 'getch': The POSIX name for this item is deprecated. Instead, use the ISO C++ conformant name: _getch. See online help for details.
                 c:\program files (x86)\microsoft visual studio 10.0\vc\include\conio.h(128) : see declaration of 'getch'
     1>e:\thien tam\information technology\giao trình học c\cấu trúc dữ liệu - giải thuật\đề tài cấu trúc dữ liệu và giải thuật_thư viện\de tai 3\xuli.cpp(4551): warning C4996: 'getch': The POSIX name for this item is deprecated. Instead, use the ISO C++ conformant name: _getch. See online help for details.
                 c:\program files (x86)\microsoft visual studio 10.0\vc\include\conio.h(128) : see declaration of 'getch'
     1>e:\thien tam\information technology\giao trình học c\cấu trúc dữ liệu - giải thuật\đề tài cấu trúc dữ liệu và giải thuật_thư viện\de tai 3\xuli.cpp(4644): warning C4996: 'getch': The POSIX name for this item is deprecated. Instead, use the ISO C++ conformant name: _getch. See online help for details.
                 c:\program files (x86)\microsoft visual studio 10.0\vc\include\conio.h(128) : see declaration of 'getch'
     1>e:\thien tam\information technology\giao trình học c\cấu trúc dữ liệu - giải thuật\đề tài cấu trúc dữ liệu và giải thuật_thư viện\de tai 3\xuli.cpp(4647): warning C4996: 'getch': The POSIX name for this item is deprecated. Instead, use the ISO C++ conformant name: _getch. See online help for details.
                 c:\program files (x86)\microsoft visual studio 10.0\vc\include\conio.h(128) : see declaration of 'getch'
     1>e:\thien tam\information technology\giao trình học c\cấu trúc dữ liệu - giải thuật\đề tài cấu trúc dữ liệu và giải thuật_thư viện\de tai 3\xuli.cpp(4257): warning C4101: 'down' : unreferenced local variable
     1>e:\thien tam\information technology\giao trình học c\cấu trúc dữ liệu - giải thuật\đề tài cấu trúc dữ liệu và giải thuật_thư viện\de tai 3\xuli.cpp(4256): warning C4101: 'up' : unreferenced local variable
     1>e:\thien tam\information technology\giao trình học c\cấu trúc dữ liệu - giải thuật\đề tài cấu trúc dữ liệu và giải thuật_thư viện\de tai 3\xuli.cpp(4258): warning C4101: 'left' : unreferenced local variable
     1>e:\thien tam\information technology\giao trình học c\cấu trúc dữ liệu - giải thuật\đề tài cấu trúc dữ liệu và giải thuật_thư viện\de tai 3\xuli.cpp(4259): warning C4101: 'right' : unreferenced local variable
     1>e:\thien tam\information technology\giao trình học c\cấu trúc dữ liệu - giải thuật\đề tài cấu trúc dữ liệu và giải thuật_thư viện\de tai 3\xuli.cpp(4720): warning C4996: 'getch': The POSIX name for this item is deprecated. Instead, use the ISO C++ conformant name: _getch. See online help for details.
                 c:\program files (x86)\microsoft visual studio 10.0\vc\include\conio.h(128) : see declaration of 'getch'
     1>e:\thien tam\information technology\giao trình học c\cấu trúc dữ liệu - giải thuật\đề tài cấu trúc dữ liệu và giải thuật_thư viện\de tai 3\xuli.cpp(4723): warning C4996: 'getch': The POSIX name for this item is deprecated. Instead, use the ISO C++ conformant name: _getch. See online help for details.
                 c:\program files (x86)\microsoft visual studio 10.0\vc\include\conio.h(128) : see declaration of 'getch'
     1>e:\thien tam\information technology\giao trình học c\cấu trúc dữ liệu - giải thuật\đề tài cấu trúc dữ liệu và giải thuật_thư viện\de tai 3\xuli.cpp(5675): warning C4996: 'getch': The POSIX name for this item is deprecated. Instead, use the ISO C++ conformant name: _getch. See online help for details.
                 c:\program files (x86)\microsoft visual studio 10.0\vc\include\conio.h(128) : see declaration of 'getch'
     1>e:\thien tam\information technology\giao trình học c\cấu trúc dữ liệu - giải thuật\đề tài cấu trúc dữ liệu và giải thuật_thư viện\de tai 3\xuli.cpp(5782): warning C4996: 'getch': The POSIX name for this item is deprecated. Instead, use the ISO C++ conformant name: _getch. See online help for details.
                 c:\program files (x86)\microsoft visual studio 10.0\vc\include\conio.h(128) : see declaration of 'getch'
     1>e:\thien tam\information technology\giao trình học c\cấu trúc dữ liệu - giải thuật\đề tài cấu trúc dữ liệu và giải thuật_thư viện\de tai 3\xuli.cpp(5785): warning C4996: 'getch': The POSIX name for this item is deprecated. Instead, use the ISO C++ conformant name: _getch. See online help for details.
                 c:\program files (x86)\microsoft visual studio 10.0\vc\include\conio.h(128) : see declaration of 'getch'
     1>e:\thien tam\information technology\giao trình học c\cấu trúc dữ liệu - giải thuật\đề tài cấu trúc dữ liệu và giải thuật_thư viện\de tai 3\xuli.cpp(6349): warning C4996: 'getch': The POSIX name for this item is deprecated. Instead, use the ISO C++ conformant name: _getch. See online help for details.
                 c:\program files (x86)\microsoft visual studio 10.0\vc\include\conio.h(128) : see declaration of 'getch'
     1>e:\thien tam\information technology\giao trình học c\cấu trúc dữ liệu - giải thuật\đề tài cấu trúc dữ liệu và giải thuật_thư viện\de tai 3\xuli.cpp(6403): warning C4996: 'getch': The POSIX name for this item is deprecated. Instead, use the ISO C++ conformant name: _getch. See online help for details.
                 c:\program files (x86)\microsoft visual studio 10.0\vc\include\conio.h(128) : see declaration of 'getch'
     1>e:\thien tam\information technology\giao trình học c\cấu trúc dữ liệu - giải thuật\đề tài cấu trúc dữ liệu và giải thuật_thư viện\de tai 3\xuli.cpp(6491): warning C4996: 'getch': The POSIX name for this item is deprecated. Instead, use the ISO C++ conformant name: _getch. See online help for details.
                 c:\program files (x86)\microsoft visual studio 10.0\vc\include\conio.h(128) : see declaration of 'getch'
     1>e:\thien tam\information technology\giao trình học c\cấu trúc dữ liệu - giải thuật\đề tài cấu trúc dữ liệu và giải thuật_thư viện\de tai 3\xuli.cpp(6494): warning C4996: 'getch': The POSIX name for this item is deprecated. Instead, use the ISO C++ conformant name: _getch. See online help for details.
                 c:\program files (x86)\microsoft visual studio 10.0\vc\include\conio.h(128) : see declaration of 'getch'
     1>e:\thien tam\information technology\giao trình học c\cấu trúc dữ liệu - giải thuật\đề tài cấu trúc dữ liệu và giải thuật_thư viện\de tai 3\xuli.cpp(6895): warning C4996: 'getch': The POSIX name for this item is deprecated. Instead, use the ISO C++ conformant name: _getch. See online help for details.
                 c:\program files (x86)\microsoft visual studio 10.0\vc\include\conio.h(128) : see declaration of 'getch'
         ThongTinSach.cpp
     1>e:\thien tam\information technology\giao trình học c\cấu trúc dữ liệu - giải thuật\đề tài cấu trúc dữ liệu và giải thuật_thư viện\de tai 3\thongtinsach.cpp(1): warning C4103: 'e:\thien tam\information technology\giao trình học c\cấu trúc dữ liệu - giải thuật\đề tài cấu trúc dữ liệu và giải thuật_thư viện\de tai 3\thongtinsach.cpp' : alignment changed after including header, may be due to missing#pragma pack(pop)
     1>e:\thien tam\information technology\giao trình học c\cấu trúc dữ liệu - giải thuật\đề tài cấu trúc dữ liệu và giải thuật_thư viện\de tai 3\thongtinsach.cpp(103): warning C4244: '+=' : conversion from 'double' to 'int', possible loss of data
     1>e:\thien tam\information technology\giao trình học c\cấu trúc dữ liệu - giải thuật\đề tài cấu trúc dữ liệu và giải thuật_thư viện\de tai 3\thongtinsach.cpp(113): warning C4996: 'getch': The POSIX name for this item is deprecated. Instead, use the ISO C++ conformant name: _getch. See online help for details.
                 c:\program files (x86)\microsoft visual studio 10.0\vc\include\conio.h(128) : see declaration of 'getch'
     1>e:\thien tam\information technology\giao trình học c\cấu trúc dữ liệu - giải thuật\đề tài cấu trúc dữ liệu và giải thuật_thư viện\de tai 3\thongtinsach.cpp(144): warning C4996: 'getch': The POSIX name for this item is deprecated. Instead, use the ISO C++ conformant name: _getch. See online help for details.
                 c:\program files (x86)\microsoft visual studio 10.0\vc\include\conio.h(128) : see declaration of 'getch'
     1>e:\thien tam\information technology\giao trình học c\cấu trúc dữ liệu - giải thuật\đề tài cấu trúc dữ liệu và giải thuật_thư viện\de tai 3\thongtinsach.cpp(157): warning C4018: '<' : signed/unsigned mismatch
     1>e:\thien tam\information technology\giao trình học c\cấu trúc dữ liệu - giải thuật\đề tài cấu trúc dữ liệu và giải thuật_thư viện\de tai 3\thongtinsach.cpp(204): warning C4018: '<' : signed/unsigned mismatch
     1>e:\thien tam\information technology\giao trình học c\cấu trúc dữ liệu - giải thuật\đề tài cấu trúc dữ liệu và giải thuật_thư viện\de tai 3\thongtinsach.cpp(325): warning C4996: 'getch': The POSIX name for this item is deprecated. Instead, use the ISO C++ conformant name: _getch. See online help for details.
                 c:\program files (x86)\microsoft visual studio 10.0\vc\include\conio.h(128) : see declaration of 'getch'
     1>e:\thien tam\information technology\giao trình học c\cấu trúc dữ liệu - giải thuật\đề tài cấu trúc dữ liệu và giải thuật_thư viện\de tai 3\thongtinsach.cpp(365): warning C4996: 'getch': The POSIX name for this item is deprecated. Instead, use the ISO C++ conformant name: _getch. See online help for details.
                 c:\program files (x86)\microsoft visual studio 10.0\vc\include\conio.h(128) : see declaration of 'getch'
     1>e:\thien tam\information technology\giao trình học c\cấu trúc dữ liệu - giải thuật\đề tài cấu trúc dữ liệu và giải thuật_thư viện\de tai 3\thongtinsach.cpp(323): warning C4101: 'KT' : unreferenced local variable
     1>e:\thien tam\information technology\giao trình học c\cấu trúc dữ liệu - giải thuật\đề tài cấu trúc dữ liệu và giải thuật_thư viện\de tai 3\thongtinsach.cpp(385): warning C4996: 'getch': The POSIX name for this item is deprecated. Instead, use the ISO C++ conformant name: _getch. See online help for details.
                 c:\program files (x86)\microsoft visual studio 10.0\vc\include\conio.h(128) : see declaration of 'getch'
     1>e:\thien tam\information technology\giao trình học c\cấu trúc dữ liệu - giải thuật\đề tài cấu trúc dữ liệu và giải thuật_thư viện\de tai 3\thongtinsach.cpp(403): warning C4018: '<' : signed/unsigned mismatch
     1>e:\thien tam\information technology\giao trình học c\cấu trúc dữ liệu - giải thuật\đề tài cấu trúc dữ liệu và giải thuật_thư viện\de tai 3\thongtinsach.cpp(378): warning C4101: 'KT' : unreferenced local variable
     1>e:\thien tam\information technology\giao trình học c\cấu trúc dữ liệu - giải thuật\đề tài cấu trúc dữ liệu và giải thuật_thư viện\de tai 3\thongtinsach.cpp(471): warning C4996: 'getch': The POSIX name for this item is deprecated. Instead, use the ISO C++ conformant name: _getch. See online help for details.
                 c:\program files (x86)\microsoft visual studio 10.0\vc\include\conio.h(128) : see declaration of 'getch'
     1>e:\thien tam\information technology\giao trình học c\cấu trúc dữ liệu - giải thuật\đề tài cấu trúc dữ liệu và giải thuật_thư viện\de tai 3\thongtinsach.cpp(488): warning C4018: '<' : signed/unsigned mismatch
     1>e:\thien tam\information technology\giao trình học c\cấu trúc dữ liệu - giải thuật\đề tài cấu trúc dữ liệu và giải thuật_thư viện\de tai 3\thongtinsach.cpp(501): warning C4996: 'getch': The POSIX name for this item is deprecated. Instead, use the ISO C++ conformant name: _getch. See online help for details.
                 c:\program files (x86)\microsoft visual studio 10.0\vc\include\conio.h(128) : see declaration of 'getch'
     1>e:\thien tam\information technology\giao trình học c\cấu trúc dữ liệu - giải thuật\đề tài cấu trúc dữ liệu và giải thuật_thư viện\de tai 3\thongtinsach.cpp(523): warning C4996: 'getch': The POSIX name for this item is deprecated. Instead, use the ISO C++ conformant name: _getch. See online help for details.
                 c:\program files (x86)\microsoft visual studio 10.0\vc\include\conio.h(128) : see declaration of 'getch'
     1>e:\thien tam\information technology\giao trình học c\cấu trúc dữ liệu - giải thuật\đề tài cấu trúc dữ liệu và giải thuật_thư viện\de tai 3\thongtinsach.cpp(463): warning C4101: 'KT' : unreferenced local variable
     1>e:\thien tam\information technology\giao trình học c\cấu trúc dữ liệu - giải thuật\đề tài cấu trúc dữ liệu và giải thuật_thư viện\de tai 3\thongtinsach.cpp(553): warning C4996: 'getch': The POSIX name for this item is deprecated. Instead, use the ISO C++ conformant name: _getch. See online help for details.
                 c:\program files (x86)\microsoft visual studio 10.0\vc\include\conio.h(128) : see declaration of 'getch'
     1>e:\thien tam\information technology\giao trình học c\cấu trúc dữ liệu - giải thuật\đề tài cấu trúc dữ liệu và giải thuật_thư viện\de tai 3\thongtinsach.cpp(578): warning C4996: 'getch': The POSIX name for this item is deprecated. Instead, use the ISO C++ conformant name: _getch. See online help for details.
                 c:\program files (x86)\microsoft visual studio 10.0\vc\include\conio.h(128) : see declaration of 'getch'
     1>e:\thien tam\information technology\giao trình học c\cấu trúc dữ liệu - giải thuật\đề tài cấu trúc dữ liệu và giải thuật_thư viện\de tai 3\thongtinsach.cpp(631): warning C4996: 'getch': The POSIX name for this item is deprecated. Instead, use the ISO C++ conformant name: _getch. See online help for details.
                 c:\program files (x86)\microsoft visual studio 10.0\vc\include\conio.h(128) : see declaration of 'getch'
     1>e:\thien tam\information technology\giao trình học c\cấu trúc dữ liệu - giải thuật\đề tài cấu trúc dữ liệu và giải thuật_thư viện\de tai 3\thongtinsach.cpp(647): warning C4018: '<' : signed/unsigned mismatch
     1>e:\thien tam\information technology\giao trình học c\cấu trúc dữ liệu - giải thuật\đề tài cấu trúc dữ liệu và giải thuật_thư viện\de tai 3\thongtinsach.cpp(658): warning C4996: 'getch': The POSIX name for this item is deprecated. Instead, use the ISO C++ conformant name: _getch. See online help for details.
                 c:\program files (x86)\microsoft visual studio 10.0\vc\include\conio.h(128) : see declaration of 'getch'
     1>e:\thien tam\information technology\giao trình học c\cấu trúc dữ liệu - giải thuật\đề tài cấu trúc dữ liệu và giải thuật_thư viện\de tai 3\thongtinsach.cpp(670): warning C4996: 'getch': The POSIX name for this item is deprecated. Instead, use the ISO C++ conformant name: _getch. See online help for details.
                 c:\program files (x86)\microsoft visual studio 10.0\vc\include\conio.h(128) : see declaration of 'getch'
     1>e:\thien tam\information technology\giao trình học c\cấu trúc dữ liệu - giải thuật\đề tài cấu trúc dữ liệu và giải thuật_thư viện\de tai 3\thongtinsach.cpp(692): warning C4996: 'getch': The POSIX name for this item is deprecated. Instead, use the ISO C++ conformant name: _getch. See online help for details.
                 c:\program files (x86)\microsoft visual studio 10.0\vc\include\conio.h(128) : see declaration of 'getch'
     1>e:\thien tam\information technology\giao trình học c\cấu trúc dữ liệu - giải thuật\đề tài cấu trúc dữ liệu và giải thuật_thư viện\de tai 3\thongtinsach.cpp(621): warning C4101: 'KT' : unreferenced local variable
     1>e:\thien tam\information technology\giao trình học c\cấu trúc dữ liệu - giải thuật\đề tài cấu trúc dữ liệu và giải thuật_thư viện\de tai 3\thongtinsach.cpp(758): warning C4996: 'getch': The POSIX name for this item is deprecated. Instead, use the ISO C++ conformant name: _getch. See online help for details.
                 c:\program files (x86)\microsoft visual studio 10.0\vc\include\conio.h(128) : see declaration of 'getch'
     1>e:\thien tam\information technology\giao trình học c\cấu trúc dữ liệu - giải thuật\đề tài cấu trúc dữ liệu và giải thuật_thư viện\de tai 3\thongtinsach.cpp(811): warning C4996: 'getch': The POSIX name for this item is deprecated. Instead, use the ISO C++ conformant name: _getch. See online help for details.
                 c:\program files (x86)\microsoft visual studio 10.0\vc\include\conio.h(128) : see declaration of 'getch'
     1>e:\thien tam\information technology\giao trình học c\cấu trúc dữ liệu - giải thuật\đề tài cấu trúc dữ liệu và giải thuật_thư viện\de tai 3\thongtinsach.cpp(830): warning C4018: '<' : signed/unsigned mismatch
     1>e:\thien tam\information technology\giao trình học c\cấu trúc dữ liệu - giải thuật\đề tài cấu trúc dữ liệu và giải thuật_thư viện\de tai 3\thongtinsach.cpp(851): warning C4996: 'getch': The POSIX name for this item is deprecated. Instead, use the ISO C++ conformant name: _getch. See online help for details.
                 c:\program files (x86)\microsoft visual studio 10.0\vc\include\conio.h(128) : see declaration of 'getch'
     1>e:\thien tam\information technology\giao trình học c\cấu trúc dữ liệu - giải thuật\đề tài cấu trúc dữ liệu và giải thuật_thư viện\de tai 3\thongtinsach.cpp(805): warning C4101: 'KT' : unreferenced local variable
     1>e:\thien tam\information technology\giao trình học c\cấu trúc dữ liệu - giải thuật\đề tài cấu trúc dữ liệu và giải thuật_thư viện\de tai 3\thongtinsach.cpp(884): warning C4996: 'getch': The POSIX name for this item is deprecated. Instead, use the ISO C++ conformant name: _getch. See online help for details.
                 c:\program files (x86)\microsoft visual studio 10.0\vc\include\conio.h(128) : see declaration of 'getch'
     1>e:\thien tam\information technology\giao trình học c\cấu trúc dữ liệu - giải thuật\đề tài cấu trúc dữ liệu và giải thuật_thư viện\de tai 3\thongtinsach.cpp(915): warning C4996: 'getch': The POSIX name for this item is deprecated. Instead, use the ISO C++ conformant name: _getch. See online help for details.
                 c:\program files (x86)\microsoft visual studio 10.0\vc\include\conio.h(128) : see declaration of 'getch'
     1>e:\thien tam\information technology\giao trình học c\cấu trúc dữ liệu - giải thuật\đề tài cấu trúc dữ liệu và giải thuật_thư viện\de tai 3\thongtinsach.cpp(938): warning C4018: '<' : signed/unsigned mismatch
     1>e:\thien tam\information technology\giao trình học c\cấu trúc dữ liệu - giải thuật\đề tài cấu trúc dữ liệu và giải thuật_thư viện\de tai 3\thongtinsach.cpp(949): warning C4996: 'getch': The POSIX name for this item is deprecated. Instead, use the ISO C++ conformant name: _getch. See online help for details.
                 c:\program files (x86)\microsoft visual studio 10.0\vc\include\conio.h(128) : see declaration of 'getch'
     1>e:\thien tam\information technology\giao trình học c\cấu trúc dữ liệu - giải thuật\đề tài cấu trúc dữ liệu và giải thuật_thư viện\de tai 3\thongtinsach.cpp(876): warning C4101: 'KT' : unreferenced local variable
     1>e:\thien tam\information technology\giao trình học c\cấu trúc dữ liệu - giải thuật\đề tài cấu trúc dữ liệu và giải thuật_thư viện\de tai 3\thongtinsach.cpp(1007): warning C4996: 'getch': The POSIX name for this item is deprecated. Instead, use the ISO C++ conformant name: _getch. See online help for details.
                 c:\program files (x86)\microsoft visual studio 10.0\vc\include\conio.h(128) : see declaration of 'getch'
     1>e:\thien tam\information technology\giao trình học c\cấu trúc dữ liệu - giải thuật\đề tài cấu trúc dữ liệu và giải thuật_thư viện\de tai 3\thongtinsach.cpp(1012): warning C4996: 'getch': The POSIX name for this item is deprecated. Instead, use the ISO C++ conformant name: _getch. See online help for details.
                 c:\program files (x86)\microsoft visual studio 10.0\vc\include\conio.h(128) : see declaration of 'getch'
     1>e:\thien tam\information technology\giao trình học c\cấu trúc dữ liệu - giải thuật\đề tài cấu trúc dữ liệu và giải thuật_thư viện\de tai 3\thongtinsach.cpp(1037): warning C4996: 'getch': The POSIX name for this item is deprecated. Instead, use the ISO C++ conformant name: _getch. See online help for details.
                 c:\program files (x86)\microsoft visual studio 10.0\vc\include\conio.h(128) : see declaration of 'getch'
         ThongTinPhieuMuonTra.cpp
     1>e:\thien tam\information technology\giao trình học c\cấu trúc dữ liệu - giải thuật\đề tài cấu trúc dữ liệu và giải thuật_thư viện\de tai 3\thongtinphieumuontra.h(6): warning C4103: 'e:\thien tam\information technology\giao trình học c\cấu trúc dữ liệu - giải thuật\đề tài cấu trúc dữ liệu và giải thuật_thư viện\de tai 3\thongtinphieumuontra.h' : alignment changed after including header, may be due to missing #pragma pack(pop)
     1>e:\thien tam\information technology\giao trình học c\cấu trúc dữ liệu - giải thuật\đề tài cấu trúc dữ liệu và giải thuật_thư viện\de tai 3\thongtinphieumuontra.cpp(1): warning C4103: 'e:\thien tam\information technology\giao trình học c\cấu trúc dữ liệu - giải thuật\đề tài cấu trúc dữ liệu và giải thuật_thư viện\de tai 3\thongtinphieumuontra.cpp' : alignment changed after including header, may be due to missing #pragma pack(pop)
         ThongTinDocGia.cpp
     1>e:\thien tam\information technology\giao trình học c\cấu trúc dữ liệu - giải thuật\đề tài cấu trúc dữ liệu và giải thuật_thư viện\de tai 3\thongtinphieumuontra.h(6): warning C4103: 'e:\thien tam\information technology\giao trình học c\cấu trúc dữ liệu - giải thuật\đề tài cấu trúc dữ liệu và giải thuật_thư viện\de tai 3\thongtinphieumuontra.h' : alignment changed after including header, may be due to missing #pragma pack(pop)
     1>e:\thien tam\information technology\giao trình học c\cấu trúc dữ liệu - giải thuật\đề tài cấu trúc dữ liệu và giải thuật_thư viện\de tai 3\danhsachphieumuontra.h(3): warning C4103: 'e:\thien tam\information technology\giao trình học c\cấu trúc dữ liệu - giải thuật\đề tài cấu trúc dữ liệu và giải thuật_thư viện\de tai 3\danhsachphieumuontra.h' : alignment changed after including header, may be due to missing #pragma pack(pop)
     1>e:\thien tam\information technology\giao trình học c\cấu trúc dữ liệu - giải thuật\đề tài cấu trúc dữ liệu và giải thuật_thư viện\de tai 3\thongtindocgia.h(3): warning C4103: 'e:\thien tam\information technology\giao trình học c\cấu trúc dữ liệu - giải thuật\đề tài cấu trúc dữ liệu và giải thuật_thư viện\de tai 3\thongtindocgia.h' : alignment changed after including header, may be due to missing#pragma pack(pop)
     1>e:\thien tam\information technology\giao trình học c\cấu trúc dữ liệu - giải thuật\đề tài cấu trúc dữ liệu và giải thuật_thư viện\de tai 3\thongtindocgia.cpp(1): warning C4103: 'e:\thien tam\information technology\giao trình học c\cấu trúc dữ liệu - giải thuật\đề tài cấu trúc dữ liệu và giải thuật_thư viện\de tai 3\thongtindocgia.cpp' : alignment changed after including header, may be due to missing #pragma pack(pop)
     1>e:\thien tam\information technology\giao trình học c\cấu trúc dữ liệu - giải thuật\đề tài cấu trúc dữ liệu và giải thuật_thư viện\de tai 3\thongtindocgia.cpp(181): warning C4996: 'getch': The POSIX name for this item is deprecated. Instead, use the ISO C++ conformant name: _getch. See online help for details.
                 c:\program files (x86)\microsoft visual studio 10.0\vc\include\conio.h(128) : see declaration of 'getch'
     1>e:\thien tam\information technology\giao trình học c\cấu trúc dữ liệu - giải thuật\đề tài cấu trúc dữ liệu và giải thuật_thư viện\de tai 3\thongtindocgia.cpp(198): warning C4018: '<' : signed/unsigned mismatch
     1>e:\thien tam\information technology\giao trình học c\cấu trúc dữ liệu - giải thuật\đề tài cấu trúc dữ liệu và giải thuật_thư viện\de tai 3\thongtindocgia.cpp(211): warning C4996: 'getch': The POSIX name for this item is deprecated. Instead, use the ISO C++ conformant name: _getch. See online help for details.
                 c:\program files (x86)\microsoft visual studio 10.0\vc\include\conio.h(128) : see declaration of 'getch'
     1>e:\thien tam\information technology\giao trình học c\cấu trúc dữ liệu - giải thuật\đề tài cấu trúc dữ liệu và giải thuật_thư viện\de tai 3\thongtindocgia.cpp(231): warning C4996: 'getch': The POSIX name for this item is deprecated. Instead, use the ISO C++ conformant name: _getch. See online help for details.
                 c:\program files (x86)\microsoft visual studio 10.0\vc\include\conio.h(128) : see declaration of 'getch'
     1>e:\thien tam\information technology\giao trình học c\cấu trúc dữ liệu - giải thuật\đề tài cấu trúc dữ liệu và giải thuật_thư viện\de tai 3\thongtindocgia.cpp(239): warning C4996: 'getch': The POSIX name for this item is deprecated. Instead, use the ISO C++ conformant name: _getch. See online help for details.
                 c:\program files (x86)\microsoft visual studio 10.0\vc\include\conio.h(128) : see declaration of 'getch'
     1>e:\thien tam\information technology\giao trình học c\cấu trúc dữ liệu - giải thuật\đề tài cấu trúc dữ liệu và giải thuật_thư viện\de tai 3\thongtindocgia.cpp(266): warning C4996: 'getch': The POSIX name for this item is deprecated. Instead, use the ISO C++ conformant name: _getch. See online help for details.
                 c:\program files (x86)\microsoft visual studio 10.0\vc\include\conio.h(128) : see declaration of 'getch'
     1>e:\thien tam\information technology\giao trình học c\cấu trúc dữ liệu - giải thuật\đề tài cấu trúc dữ liệu và giải thuật_thư viện\de tai 3\thongtindocgia.cpp(277): warning C4996: 'getch': The POSIX name for this item is deprecated. Instead, use the ISO C++ conformant name: _getch. See online help for details.
                 c:\program files (x86)\microsoft visual studio 10.0\vc\include\conio.h(128) : see declaration of 'getch'
     1>e:\thien tam\information technology\giao trình học c\cấu trúc dữ liệu - giải thuật\đề tài cấu trúc dữ liệu và giải thuật_thư viện\de tai 3\thongtindocgia.cpp(288): warning C4996: 'getch': The POSIX name for this item is deprecated. Instead, use the ISO C++ conformant name: _getch. See online help for details.
                 c:\program files (x86)\microsoft visual studio 10.0\vc\include\conio.h(128) : see declaration of 'getch'
     1>e:\thien tam\information technology\giao trình học c\cấu trúc dữ liệu - giải thuật\đề tài cấu trúc dữ liệu và giải thuật_thư viện\de tai 3\thongtindocgia.cpp(306): warning C4996: 'getch': The POSIX name for this item is deprecated. Instead, use the ISO C++ conformant name: _getch. See online help for details.
                 c:\program files (x86)\microsoft visual studio 10.0\vc\include\conio.h(128) : see declaration of 'getch'
     1>e:\thien tam\information technology\giao trình học c\cấu trúc dữ liệu - giải thuật\đề tài cấu trúc dữ liệu và giải thuật_thư viện\de tai 3\thongtindocgia.cpp(333): warning C4996: 'getch': The POSIX name for this item is deprecated. Instead, use the ISO C++ conformant name: _getch. See online help for details.
                 c:\program files (x86)\microsoft visual studio 10.0\vc\include\conio.h(128) : see declaration of 'getch'
     1>e:\thien tam\information technology\giao trình học c\cấu trúc dữ liệu - giải thuật\đề tài cấu trúc dữ liệu và giải thuật_thư viện\de tai 3\thongtindocgia.cpp(344): warning C4996: 'getch': The POSIX name for this item is deprecated. Instead, use the ISO C++ conformant name: _getch. See online help for details.
                 c:\program files (x86)\microsoft visual studio 10.0\vc\include\conio.h(128) : see declaration of 'getch'
     1>e:\thien tam\information technology\giao trình học c\cấu trúc dữ liệu - giải thuật\đề tài cấu trúc dữ liệu và giải thuật_thư viện\de tai 3\thongtindocgia.cpp(355): warning C4996: 'getch': The POSIX name for this item is deprecated. Instead, use the ISO C++ conformant name: _getch. See online help for details.
                 c:\program files (x86)\microsoft visual studio 10.0\vc\include\conio.h(128) : see declaration of 'getch'
     1>e:\thien tam\information technology\giao trình học c\cấu trúc dữ liệu - giải thuật\đề tài cấu trúc dữ liệu và giải thuật_thư viện\de tai 3\thongtindocgia.cpp(375): warning C4996: 'getch': The POSIX name for this item is deprecated. Instead, use the ISO C++ conformant name: _getch. See online help for details.
                 c:\program files (x86)\microsoft visual studio 10.0\vc\include\conio.h(128) : see declaration of 'getch'
     1>e:\thien tam\information technology\giao trình học c\cấu trúc dữ liệu - giải thuật\đề tài cấu trúc dữ liệu và giải thuật_thư viện\de tai 3\thongtindocgia.cpp(402): warning C4996: 'getch': The POSIX name for this item is deprecated. Instead, use the ISO C++ conformant name: _getch. See online help for details.
                 c:\program files (x86)\microsoft visual studio 10.0\vc\include\conio.h(128) : see declaration of 'getch'
     1>e:\thien tam\information technology\giao trình học c\cấu trúc dữ liệu - giải thuật\đề tài cấu trúc dữ liệu và giải thuật_thư viện\de tai 3\thongtindocgia.cpp(413): warning C4996: 'getch': The POSIX name for this item is deprecated. Instead, use the ISO C++ conformant name: _getch. See online help for details.
                 c:\program files (x86)\microsoft visual studio 10.0\vc\include\conio.h(128) : see declaration of 'getch'
     1>e:\thien tam\information technology\giao trình học c\cấu trúc dữ liệu - giải thuật\đề tài cấu trúc dữ liệu và giải thuật_thư viện\de tai 3\thongtindocgia.cpp(424): warning C4996: 'getch': The POSIX name for this item is deprecated. Instead, use the ISO C++ conformant name: _getch. See online help for details.
                 c:\program files (x86)\microsoft visual studio 10.0\vc\include\conio.h(128) : see declaration of 'getch'
         main.cpp
     1>e:\thien tam\information technology\giao trình học c\cấu trúc dữ liệu - giải thuật\đề tài cấu trúc dữ liệu và giải thuật_thư viện\de tai 3\danhsachthongtinsach.h(3): warning C4103: 'e:\thien tam\information technology\giao trình học c\cấu trúc dữ liệu - giải thuật\đề tài cấu trúc dữ liệu và giải thuật_thư viện\de tai 3\danhsachthongtinsach.h' : alignment changed after including header, may be due to missing #pragma pack(pop)
     1>e:\thien tam\information technology\giao trình học c\cấu trúc dữ liệu - giải thuật\đề tài cấu trúc dữ liệu và giải thuật_thư viện\de tai 3\xuli.h(1): warning C4103: 'e:\thien tam\information technology\giao trình học c\cấu trúc dữ liệu - giải thuật\đề tài cấu trúc dữ liệu và giải thuật_thư viện\de tai 3\xuli.h' : alignment changed after including header, may be due to missing #pragma pack(pop)
     1>e:\thien tam\information technology\giao trình học c\cấu trúc dữ liệu - giải thuật\đề tài cấu trúc dữ liệu và giải thuật_thư viện\de tai 3\main.cpp(3): warning C4103: 'e:\thien tam\information technology\giao trình học c\cấu trúc dữ liệu - giải thuật\đề tài cấu trúc dữ liệu và giải thuật_thư viện\de tai 3\main.cpp' : alignment changed after including header, may be due to missing #pragma pack(pop)
         HoTro.cpp
         Date.cpp
     1>e:\thien tam\information technology\giao trình học c\cấu trúc dữ liệu - giải thuật\đề tài cấu trúc dữ liệu và giải thuật_thư viện\de tai 3\date.cpp(1): warning C4103: 'e:\thien tam\information technology\giao trình học c\cấu trúc dữ liệu - giải thuật\đề tài cấu trúc dữ liệu và giải thuật_thư viện\de tai 3\date.cpp' : alignment changed after including header, may be due to missing #pragma pack(pop)
     1>e:\thien tam\information technology\giao trình học c\cấu trúc dữ liệu - giải thuật\đề tài cấu trúc dữ liệu và giải thuật_thư viện\de tai 3\date.cpp(8): warning C4996: 'localtime': This function or variable may be unsafe. Consider using localtime_s instead. To disable deprecation, use _CRT_SECURE_NO_WARNINGS. See online help for details.
                 c:\program files (x86)\microsoft visual studio 10.0\vc\include\time.inl(112) : see declaration of 'localtime'
     1>e:\thien tam\information technology\giao trình học c\cấu trúc dữ liệu - giải thuật\đề tài cấu trúc dữ liệu và giải thuật_thư viện\de tai 3\date.cpp(70): warning C4996: 'localtime': This function or variable may be unsafe. Consider using localtime_s instead. To disable deprecation, use _CRT_SECURE_NO_WARNINGS. See online help for details.
                 c:\program files (x86)\microsoft visual studio 10.0\vc\include\time.inl(112) : see declaration of 'localtime'
     1>e:\thien tam\information technology\giao trình học c\cấu trúc dữ liệu - giải thuật\đề tài cấu trúc dữ liệu và giải thuật_thư viện\de tai 3\date.cpp(157): warning C4996: 'localtime': This function or variable may be unsafe. Consider using localtime_s instead. To disable deprecation, use _CRT_SECURE_NO_WARNINGS. See online help for details.
                 c:\program files (x86)\microsoft visual studio 10.0\vc\include\time.inl(112) : see declaration of 'localtime'
         DanhSachThongTinSach.cpp
     1>e:\thien tam\information technology\giao trình học c\cấu trúc dữ liệu - giải thuật\đề tài cấu trúc dữ liệu và giải thuật_thư viện\de tai 3\danhsachthongtinsach.h(3): warning C4103: 'e:\thien tam\information technology\giao trình học c\cấu trúc dữ liệu - giải thuật\đề tài cấu trúc dữ liệu và giải thuật_thư viện\de tai 3\danhsachthongtinsach.h' : alignment changed after including header, may be due to missing #pragma pack(pop)
     1>e:\thien tam\information technology\giao trình học c\cấu trúc dữ liệu - giải thuật\đề tài cấu trúc dữ liệu và giải thuật_thư viện\de tai 3\danhsachthongtinsach.cpp(1): warning C4103: 'e:\thien tam\information technology\giao trình học c\cấu trúc dữ liệu - giải thuật\đề tài cấu trúc dữ liệu và giải thuật_thư viện\de tai 3\danhsachthongtinsach.cpp' : alignment changed after including header, may be due to missing #pragma pack(pop)
     1>e:\thien tam\information technology\giao trình học c\cấu trúc dữ liệu - giải thuật\đề tài cấu trúc dữ liệu và giải thuật_thư viện\de tai 3\danhsachthongtinsach.cpp(90): warning C4101: 'kt_enter' : unreferenced local variable
     1>e:\thien tam\information technology\giao trình học c\cấu trúc dữ liệu - giải thuật\đề tài cấu trúc dữ liệu và giải thuật_thư viện\de tai 3\danhsachthongtinsach.cpp(89): warning C4101: 'kt_esc' : unreferenced local variable
     1>e:\thien tam\information technology\giao trình học c\cấu trúc dữ liệu - giải thuật\đề tài cấu trúc dữ liệu và giải thuật_thư viện\de tai 3\danhsachthongtinsach.cpp(233): warning C4996: 'stricmp': The POSIX name for this item is deprecated. Instead, use the ISO C++ conformant name: _stricmp. See online help for details.
                 c:\program files (x86)\microsoft visual studio 10.0\vc\include\string.h(246) : see declaration of 'stricmp'
     1>e:\thien tam\information technology\giao trình học c\cấu trúc dữ liệu - giải thuật\đề tài cấu trúc dữ liệu và giải thuật_thư viện\de tai 3\danhsachthongtinsach.cpp(271): warning C4996: 'stricmp': The POSIX name for this item is deprecated. Instead, use the ISO C++ conformant name: _stricmp. See online help for details.
                 c:\program files (x86)\microsoft visual studio 10.0\vc\include\string.h(246) : see declaration of 'stricmp'
     1>e:\thien tam\information technology\giao trình học c\cấu trúc dữ liệu - giải thuật\đề tài cấu trúc dữ liệu và giải thuật_thư viện\de tai 3\danhsachthongtinsach.cpp(380): warning C4996: 'stricmp': The POSIX name for this item is deprecated. Instead, use the ISO C++ conformant name: _stricmp. See online help for details.
                 c:\program files (x86)\microsoft visual studio 10.0\vc\include\string.h(246) : see declaration of 'stricmp'
     1>e:\thien tam\information technology\giao trình học c\cấu trúc dữ liệu - giải thuật\đề tài cấu trúc dữ liệu và giải thuật_thư viện\de tai 3\danhsachthongtinsach.cpp(482): warning C4996: 'getch': The POSIX name for this item is deprecated. Instead, use the ISO C++ conformant name: _getch. See online help for details.
                 c:\program files (x86)\microsoft visual studio 10.0\vc\include\conio.h(128) : see declaration of 'getch'
     1>e:\thien tam\information technology\giao trình học c\cấu trúc dữ liệu - giải thuật\đề tài cấu trúc dữ liệu và giải thuật_thư viện\de tai 3\danhsachthongtinsach.cpp(520): warning C4996: 'getch': The POSIX name for this item is deprecated. Instead, use the ISO C++ conformant name: _getch. See online help for details.
                 c:\program files (x86)\microsoft visual studio 10.0\vc\include\conio.h(128) : see declaration of 'getch'
     1>e:\thien tam\information technology\giao trình học c\cấu trúc dữ liệu - giải thuật\đề tài cấu trúc dữ liệu và giải thuật_thư viện\de tai 3\danhsachthongtinsach.cpp(572): warning C4996: 'stricmp': The POSIX name for this item is deprecated. Instead, use the ISO C++ conformant name: _stricmp. See online help for details.
                 c:\program files (x86)\microsoft visual studio 10.0\vc\include\string.h(246) : see declaration of 'stricmp'
     1>e:\thien tam\information technology\giao trình học c\cấu trúc dữ liệu - giải thuật\đề tài cấu trúc dữ liệu và giải thuật_thư viện\de tai 3\danhsachthongtinsach.cpp(662): warning C4996: 'stricmp': The POSIX name for this item is deprecated. Instead, use the ISO C++ conformant name: _stricmp. See online help for details.
                 c:\program files (x86)\microsoft visual studio 10.0\vc\include\string.h(246) : see declaration of 'stricmp'
     1>e:\thien tam\information technology\giao trình học c\cấu trúc dữ liệu - giải thuật\đề tài cấu trúc dữ liệu và giải thuật_thư viện\de tai 3\danhsachthongtinsach.cpp(847): warning C4996: 'stricmp': The POSIX name for this item is deprecated. Instead, use the ISO C++ conformant name: _stricmp. See online help for details.
                 c:\program files (x86)\microsoft visual studio 10.0\vc\include\string.h(246) : see declaration of 'stricmp'
     1>e:\thien tam\information technology\giao trình học c\cấu trúc dữ liệu - giải thuật\đề tài cấu trúc dữ liệu và giải thuật_thư viện\de tai 3\danhsachthongtinsach.cpp(989): warning C4996: 'getch': The POSIX name for this item is deprecated. Instead, use the ISO C++ conformant name: _getch. See online help for details.
                 c:\program files (x86)\microsoft visual studio 10.0\vc\include\conio.h(128) : see declaration of 'getch'
     1>e:\thien tam\information technology\giao trình học c\cấu trúc dữ liệu - giải thuật\đề tài cấu trúc dữ liệu và giải thuật_thư viện\de tai 3\danhsachthongtinsach.cpp(1064): warning C4996: 'getch': The POSIX name for this item is deprecated. Instead, use the ISO C++ conformant name: _getch. See online help for details.
                 c:\program files (x86)\microsoft visual studio 10.0\vc\include\conio.h(128) : see declaration of 'getch'
     1>e:\thien tam\information technology\giao trình học c\cấu trúc dữ liệu - giải thuật\đề tài cấu trúc dữ liệu và giải thuật_thư viện\de tai 3\danhsachthongtinsach.cpp(1136): warning C4996: 'getch': The POSIX name for this item is deprecated. Instead, use the ISO C++ conformant name: _getch. See online help for details.
                 c:\program files (x86)\microsoft visual studio 10.0\vc\include\conio.h(128) : see declaration of 'getch'
     1>e:\thien tam\information technology\giao trình học c\cấu trúc dữ liệu - giải thuật\đề tài cấu trúc dữ liệu và giải thuật_thư viện\de tai 3\danhsachthongtinsach.cpp(1169): warning C4996: 'getch': The POSIX name for this item is deprecated. Instead, use the ISO C++ conformant name: _getch. See online help for details.
                 c:\program files (x86)\microsoft visual studio 10.0\vc\include\conio.h(128) : see declaration of 'getch'
     1>e:\thien tam\information technology\giao trình học c\cấu trúc dữ liệu - giải thuật\đề tài cấu trúc dữ liệu và giải thuật_thư viện\de tai 3\danhsachthongtinsach.cpp(1224): warning C4996: 'getch': The POSIX name for this item is deprecated. Instead, use the ISO C++ conformant name: _getch. See online help for details.
                 c:\program files (x86)\microsoft visual studio 10.0\vc\include\conio.h(128) : see declaration of 'getch'
     1>e:\thien tam\information technology\giao trình học c\cấu trúc dữ liệu - giải thuật\đề tài cấu trúc dữ liệu và giải thuật_thư viện\de tai 3\danhsachthongtinsach.cpp(1260): warning C4996: 'getch': The POSIX name for this item is deprecated. Instead, use the ISO C++ conformant name: _getch. See online help for details.
                 c:\program files (x86)\microsoft visual studio 10.0\vc\include\conio.h(128) : see declaration of 'getch'
     1>e:\thien tam\information technology\giao trình học c\cấu trúc dữ liệu - giải thuật\đề tài cấu trúc dữ liệu và giải thuật_thư viện\de tai 3\danhsachthongtinsach.cpp(1270): warning C4996: 'getch': The POSIX name for this item is deprecated. Instead, use the ISO C++ conformant name: _getch. See online help for details.
                 c:\program files (x86)\microsoft visual studio 10.0\vc\include\conio.h(128) : see declaration of 'getch'
     1>e:\thien tam\information technology\giao trình học c\cấu trúc dữ liệu - giải thuật\đề tài cấu trúc dữ liệu và giải thuật_thư viện\de tai 3\danhsachthongtinsach.cpp(1321): warning C4996: 'getch': The POSIX name for this item is deprecated. Instead, use the ISO C++ conformant name: _getch. See online help for details.
                 c:\program files (x86)\microsoft visual studio 10.0\vc\include\conio.h(128) : see declaration of 'getch'
     1>e:\thien tam\information technology\giao trình học c\cấu trúc dữ liệu - giải thuật\đề tài cấu trúc dữ liệu và giải thuật_thư viện\de tai 3\danhsachthongtinsach.cpp(1392): warning C4996: 'getch': The POSIX name for this item is deprecated. Instead, use the ISO C++ conformant name: _getch. See online help for details.
                 c:\program files (x86)\microsoft visual studio 10.0\vc\include\conio.h(128) : see declaration of 'getch'
     1>e:\thien tam\information technology\giao trình học c\cấu trúc dữ liệu - giải thuật\đề tài cấu trúc dữ liệu và giải thuật_thư viện\de tai 3\danhsachthongtinsach.cpp(1417): warning C4101: 'c' : unreferenced local variable
     1>e:\thien tam\information technology\giao trình học c\cấu trúc dữ liệu - giải thuật\đề tài cấu trúc dữ liệu và giải thuật_thư viện\de tai 3\danhsachthongtinsach.cpp(2277): warning C4101: 'kt_enter' : unreferenced local variable
     1>e:\thien tam\information technology\giao trình học c\cấu trúc dữ liệu - giải thuật\đề tài cấu trúc dữ liệu và giải thuật_thư viện\de tai 3\danhsachthongtinsach.cpp(2276): warning C4101: 'kt_esc' : unreferenced local variable
         DanhSachThongTinDocGia.cpp
     1>e:\thien tam\information technology\giao trình học c\cấu trúc dữ liệu - giải thuật\đề tài cấu trúc dữ liệu và giải thuật_thư viện\de tai 3\thongtinphieumuontra.h(6): warning C4103: 'e:\thien tam\information technology\giao trình học c\cấu trúc dữ liệu - giải thuật\đề tài cấu trúc dữ liệu và giải thuật_thư viện\de tai 3\thongtinphieumuontra.h' : alignment changed after including header, may be due to missing #pragma pack(pop)
     1>e:\thien tam\information technology\giao trình học c\cấu trúc dữ liệu - giải thuật\đề tài cấu trúc dữ liệu và giải thuật_thư viện\de tai 3\danhsachphieumuontra.h(3): warning C4103: 'e:\thien tam\information technology\giao trình học c\cấu trúc dữ liệu - giải thuật\đề tài cấu trúc dữ liệu và giải thuật_thư viện\de tai 3\danhsachphieumuontra.h' : alignment changed after including header, may be due to missing #pragma pack(pop)
     1>e:\thien tam\information technology\giao trình học c\cấu trúc dữ liệu - giải thuật\đề tài cấu trúc dữ liệu và giải thuật_thư viện\de tai 3\thongtindocgia.h(3): warning C4103: 'e:\thien tam\information technology\giao trình học c\cấu trúc dữ liệu - giải thuật\đề tài cấu trúc dữ liệu và giải thuật_thư viện\de tai 3\thongtindocgia.h' : alignment changed after including header, may be due to missing#pragma pack(pop)
     1>e:\thien tam\information technology\giao trình học c\cấu trúc dữ liệu - giải thuật\đề tài cấu trúc dữ liệu và giải thuật_thư viện\de tai 3\danhsachthongtindocgia.h(3): warning C4103: 'e:\thien tam\information technology\giao trình học c\cấu trúc dữ liệu - giải thuật\đề tài cấu trúc dữ liệu và giải thuật_thư viện\de tai 3\danhsachthongtindocgia.h' : alignment changed after including header, may be due to missing #pragma pack(pop)
     1>e:\thien tam\information technology\giao trình học c\cấu trúc dữ liệu - giải thuật\đề tài cấu trúc dữ liệu và giải thuật_thư viện\de tai 3\danhsachthongtindocgia.cpp(1): warning C4103: 'e:\thien tam\information technology\giao trình học c\cấu trúc dữ liệu - giải thuật\đề tài cấu trúc dữ liệu và giải thuật_thư viện\de tai 3\danhsachthongtindocgia.cpp' : alignment changed after including header, may be due to missing #pragma pack(pop)
     1>e:\thien tam\information technology\giao trình học c\cấu trúc dữ liệu - giải thuật\đề tài cấu trúc dữ liệu và giải thuật_thư viện\de tai 3\danhsachthongtindocgia.cpp(263): warning C4996: 'stricmp': The POSIX name for this item is deprecated. Instead, use the ISO C++ conformant name: _stricmp. See online help for details.
                 c:\program files (x86)\microsoft visual studio 10.0\vc\include\string.h(246) : see declaration of 'stricmp'
     1>e:\thien tam\information technology\giao trình học c\cấu trúc dữ liệu - giải thuật\đề tài cấu trúc dữ liệu và giải thuật_thư viện\de tai 3\danhsachthongtindocgia.cpp(451): warning C4996: 'stricmp': The POSIX name for this item is deprecated. Instead, use the ISO C++ conformant name: _stricmp. See online help for details.
                 c:\program files (x86)\microsoft visual studio 10.0\vc\include\string.h(246) : see declaration of 'stricmp'
     1>e:\thien tam\information technology\giao trình học c\cấu trúc dữ liệu - giải thuật\đề tài cấu trúc dữ liệu và giải thuật_thư viện\de tai 3\danhsachthongtindocgia.cpp(490): warning C4996: 'stricmp': The POSIX name for this item is deprecated. Instead, use the ISO C++ conformant name: _stricmp. See online help for details.
                 c:\program files (x86)\microsoft visual studio 10.0\vc\include\string.h(246) : see declaration of 'stricmp'
     1>e:\thien tam\information technology\giao trình học c\cấu trúc dữ liệu - giải thuật\đề tài cấu trúc dữ liệu và giải thuật_thư viện\de tai 3\danhsachthongtindocgia.cpp(614): warning C4996: 'getch': The POSIX name for this item is deprecated. Instead, use the ISO C++ conformant name: _getch. See online help for details.
                 c:\program files (x86)\microsoft visual studio 10.0\vc\include\conio.h(128) : see declaration of 'getch'
     1>e:\thien tam\information technology\giao trình học c\cấu trúc dữ liệu - giải thuật\đề tài cấu trúc dữ liệu và giải thuật_thư viện\de tai 3\danhsachthongtindocgia.cpp(657): warning C4996: 'getch': The POSIX name for this item is deprecated. Instead, use the ISO C++ conformant name: _getch. See online help for details.
                 c:\program files (x86)\microsoft visual studio 10.0\vc\include\conio.h(128) : see declaration of 'getch'
     1>e:\thien tam\information technology\giao trình học c\cấu trúc dữ liệu - giải thuật\đề tài cấu trúc dữ liệu và giải thuật_thư viện\de tai 3\danhsachthongtindocgia.cpp(723): warning C4996: 'getch': The POSIX name for this item is deprecated. Instead, use the ISO C++ conformant name: _getch. See online help for details.
                 c:\program files (x86)\microsoft visual studio 10.0\vc\include\conio.h(128) : see declaration of 'getch'
     1>e:\thien tam\information technology\giao trình học c\cấu trúc dữ liệu - giải thuật\đề tài cấu trúc dữ liệu và giải thuật_thư viện\de tai 3\danhsachthongtindocgia.cpp(788): warning C4996: 'getch': The POSIX name for this item is deprecated. Instead, use the ISO C++ conformant name: _getch. See online help for details.
                 c:\program files (x86)\microsoft visual studio 10.0\vc\include\conio.h(128) : see declaration of 'getch'
     1>e:\thien tam\information technology\giao trình học c\cấu trúc dữ liệu - giải thuật\đề tài cấu trúc dữ liệu và giải thuật_thư viện\de tai 3\danhsachthongtindocgia.cpp(860): warning C4996: 'getch': The POSIX name for this item is deprecated. Instead, use the ISO C++ conformant name: _getch. See online help for details.
                 c:\program files (x86)\microsoft visual studio 10.0\vc\include\conio.h(128) : see declaration of 'getch'
     1>e:\thien tam\information technology\giao trình học c\cấu trúc dữ liệu - giải thuật\đề tài cấu trúc dữ liệu và giải thuật_thư viện\de tai 3\danhsachthongtindocgia.cpp(892): warning C4996: 'stricmp': The POSIX name for this item is deprecated. Instead, use the ISO C++ conformant name: _stricmp. See online help for details.
                 c:\program files (x86)\microsoft visual studio 10.0\vc\include\string.h(246) : see declaration of 'stricmp'
     1>e:\thien tam\information technology\giao trình học c\cấu trúc dữ liệu - giải thuật\đề tài cấu trúc dữ liệu và giải thuật_thư viện\de tai 3\danhsachthongtindocgia.cpp(897): warning C4996: 'getch': The POSIX name for this item is deprecated. Instead, use the ISO C++ conformant name: _getch. See online help for details.
                 c:\program files (x86)\microsoft visual studio 10.0\vc\include\conio.h(128) : see declaration of 'getch'
     1>e:\thien tam\information technology\giao trình học c\cấu trúc dữ liệu - giải thuật\đề tài cấu trúc dữ liệu và giải thuật_thư viện\de tai 3\danhsachthongtindocgia.cpp(902): warning C4996: 'stricmp': The POSIX name for this item is deprecated. Instead, use the ISO C++ conformant name: _stricmp. See online help for details.
                 c:\program files (x86)\microsoft visual studio 10.0\vc\include\string.h(246) : see declaration of 'stricmp'
     1>e:\thien tam\information technology\giao trình học c\cấu trúc dữ liệu - giải thuật\đề tài cấu trúc dữ liệu và giải thuật_thư viện\de tai 3\danhsachthongtindocgia.cpp(939): warning C4996: 'getch': The POSIX name for this item is deprecated. Instead, use the ISO C++ conformant name: _getch. See online help for details.
                 c:\program files (x86)\microsoft visual studio 10.0\vc\include\conio.h(128) : see declaration of 'getch'
     1>e:\thien tam\information technology\giao trình học c\cấu trúc dữ liệu - giải thuật\đề tài cấu trúc dữ liệu và giải thuật_thư viện\de tai 3\danhsachthongtindocgia.cpp(563): warning C4101: 'c' : unreferenced local variable
         DanhSachPhieuMuonTra.cpp
     1>e:\thien tam\information technology\giao trình học c\cấu trúc dữ liệu - giải thuật\đề tài cấu trúc dữ liệu và giải thuật_thư viện\de tai 3\thongtinphieumuontra.h(6): warning C4103: 'e:\thien tam\information technology\giao trình học c\cấu trúc dữ liệu - giải thuật\đề tài cấu trúc dữ liệu và giải thuật_thư viện\de tai 3\thongtinphieumuontra.h' : alignment changed after including header, may be due to missing #pragma pack(pop)
     1>e:\thien tam\information technology\giao trình học c\cấu trúc dữ liệu - giải thuật\đề tài cấu trúc dữ liệu và giải thuật_thư viện\de tai 3\danhsachphieumuontra.h(3): warning C4103: 'e:\thien tam\information technology\giao trình học c\cấu trúc dữ liệu - giải thuật\đề tài cấu trúc dữ liệu và giải thuật_thư viện\de tai 3\danhsachphieumuontra.h' : alignment changed after including header, may be due to missing #pragma pack(pop)
     1>e:\thien tam\information technology\giao trình học c\cấu trúc dữ liệu - giải thuật\đề tài cấu trúc dữ liệu và giải thuật_thư viện\de tai 3\danhsachphieumuontra.cpp(1): warning C4103: 'e:\thien tam\information technology\giao trình học c\cấu trúc dữ liệu - giải thuật\đề tài cấu trúc dữ liệu và giải thuật_thư viện\de tai 3\danhsachphieumuontra.cpp' : alignment changed after including header, may be due to missing #pragma pack(pop)
         console.cpp
         Generating Code...
     1>e:\thien tam\information technology\giao trình học c\cấu trúc dữ liệu - giải thuật\đề tài cấu trúc dữ liệu và giải thuật_thư viện\de tai 3\danhsachthongtindocgia.cpp(473): warning C4700: uninitialized local variable 'KT' used
     1>e:\thien tam\information technology\giao trình học c\cấu trúc dữ liệu - giải thuật\đề tài cấu trúc dữ liệu và giải thuật_thư viện\de tai 3\thongtinsach.cpp(990): warning C4715: 'Xac_Nhan' : not all control paths return a value
     1>e:\thien tam\information technology\giao trình học c\cấu trúc dữ liệu - giải thuật\đề tài cấu trúc dữ liệu và giải thuật_thư viện\de tai 3\xuli.cpp(2029): warning C4715: 'Kiem_Tra_Doc_Gia' : not all control paths return a value
     1>e:\thien tam\information technology\giao trình học c\cấu trúc dữ liệu - giải thuật\đề tài cấu trúc dữ liệu và giải thuật_thư viện\de tai 3\xuli.cpp(2063): warning C4715: 'So_Luong_Sach_Qua_Han_Muon' : not all control paths return a value
     1>e:\thien tam\information technology\giao trình học c\cấu trúc dữ liệu - giải thuật\đề tài cấu trúc dữ liệu và giải thuật_thư viện\de tai 3\xuli.cpp(2112): warning C4715: 'Kiem_Tra_Dieu_Kien_Sach' : not all control paths return a value
     1>e:\thien tam\information technology\giao trình học c\cấu trúc dữ liệu - giải thuật\đề tài cấu trúc dữ liệu và giải thuật_thư viện\de tai 3\xuli.cpp(2220): warning C4715: 'Kiem_Tra_Sach_Muon_Qua_Han' : not all control paths return a value
     1>e:\thien tam\information technology\giao trình học c\cấu trúc dữ liệu - giải thuật\đề tài cấu trúc dữ liệu và giải thuật_thư viện\de tai 3\xuli.cpp(2304): warning C4715: 'So_Luong_Danh_Sach_Muon_Tra' : not all control paths return a value
     1>e:\thien tam\information technology\giao trình học c\cấu trúc dữ liệu - giải thuật\đề tài cấu trúc dữ liệu và giải thuật_thư viện\de tai 3\xuli.cpp(4031): warning C4715: 'Lay_Thong_Tin_Sach' : not all control paths return a value
       Link:
         C:\Program Files (x86)\Microsoft Visual Studio 10.0\VC\bin\link.exe /ERRORREPORT:PROMPT /OUT:"E:\THIEN TAM\Information Technology\Giao trình học C\Cấu trúc dữ liệu - giải thuật\Đề tài cấu trúc dữ liệu và giải thuật_Thư Viện\Debug\De tai 3.exe" /NOLOGO kernel32.lib user32.lib gdi32.lib winspool.lib comdlg32.lib advapi32.lib shell32.lib ole32.lib oleaut32.lib uuid.lib odbc32.lib odbccp32.lib /MANIFEST /ManifestFile:"Debug\De tai 3.exe.intermediate.manifest" /MANIFESTUAC:"level='asInvoker' uiAccess='false'" /DEBUG /PDB:"E:\THIEN TAM\Information Technology\Giao trình học C\Cấu trúc dữ liệu - giải thuật\Đề tài cấu trúc dữ liệu và giải thuật_Thư Viện\Debug\De tai 3.pdb" /TLBID:1 /DYNAMICBASE /NXCOMPAT /IMPLIB:"E:\THIEN TAM\Information Technology\Giao trình học C\Cấu trúc dữ liệu - giải thuật\Đề tài cấu trúc dữ liệu và giải thuật_Thư Viện\Debug\De tai 3.lib" /MACHINE:X86 Debug\console.obj
         Debug\DanhSachPhieuMuonTra.obj
         Debug\DanhSachThongTinDocGia.obj
         Debug\DanhSachThongTinSach.obj
         Debug\Date.obj
         Debug\HoTro.obj
         Debug\main.obj
         Debug\ThongTinDocGia.obj
         Debug\ThongTinPhieuMuonTra.obj
         Debug\ThongTinSach.obj
         Debug\XuLi.obj
         LINK : E:\THIEN TAM\Information Technology\Giao trình học C\Cấu trúc dữ liệu - giải thuật\Đề tài cấu trúc dữ liệu và giải thuật_Thư Viện\Debug\De tai 3.exe not found or not built by the last incremental link; performing full link
         De tai 3.vcxproj -> E:\THIEN TAM\Information Technology\Giao trình học C\Cấu trúc dữ liệu - giải thuật\Đề tài cấu trúc dữ liệu và giải thuật_Thư Viện\Debug\De tai 3.exe
       Manifest:
         c:\Program Files (x86)\Microsoft SDKs\Windows\v7.0A\bin\mt.exe /nologo /verbose /outputresource:"E:\THIEN TAM\Information Technology\Giao trình học C\Cấu trúc dữ liệu - giải thuật\Đề tài cấu trúc dữ liệu và giải thuật_Thư Viện\Debug\De tai 3.exe;#1" /manifest "Debug\De tai 3.exe.intermediate.manifest"
       FinalizeBuildStatus:
         Deleting file "Debug\De tai 3.unsuccessfulbuild".
         Touching "Debug\De tai 3.lastbuildstate".
     1>Done Building Project "E:\THIEN TAM\Information Technology\Giao trình học C\Cấu trúc dữ liệu - giải thuật\Đề tài cấu trúc dữ liệu và giải thuật_Thư Viện\De tai 3\De tai 3.vcxproj" (build target(s)).

Build succeeded.

Time Elapsed 00:00:12.69
